This is pdfTeX, Version 3.14159265-2.6-1.40.18 (MiKTeX 2.9.6300 64-bit) (preloaded format=pdflatex 2017.5.10)  1 AUG 2018 14:54
entering extended mode
**C:/Users/Sakina/Documents/GitHub/stata_training_govt_officials/stata_workshop
_for_govt_officials.tex

(C:/Users/Sakina/Documents/GitHub/stata_training_govt_officials/stata_workshop_
for_govt_officials.tex
LaTeX2e <2017-04-15>
Babel <3.9r> and hyphenation patterns for 75 language(s) loaded.
("C:\Program Files\MiKTeX 2.9\tex\latex\beamer\beamer.cls"
Document Class: beamer 2017/07/13 v3.42 A class for typesetting presentations
("C:\Program Files\MiKTeX 2.9\tex\latex\beamer\beamerbasemodes.sty"
("C:\Program Files\MiKTeX 2.9\tex\latex\etoolbox\etoolbox.sty"
Package: etoolbox 2017/01/02 v2.4 e-TeX tools for LaTeX (JAW)
\etb@tempcnta=\count79
)
\beamer@tempbox=\box26
\beamer@tempcount=\count80
\c@beamerpauses=\count81

("C:\Program Files\MiKTeX 2.9\tex\latex\beamer\beamerbasedecode.sty"
\beamer@slideinframe=\count82
\beamer@minimum=\count83
)
\beamer@commentbox=\box27
\beamer@modecount=\count84
)
("C:\Program Files\MiKTeX 2.9\tex\generic\oberdiek\ifpdf.sty"
Package: ifpdf 2017/03/15 v3.2 Provides the ifpdf switch
)
\headdp=\dimen102
\footheight=\dimen103
\sidebarheight=\dimen104
\beamer@tempdim=\dimen105
\beamer@finalheight=\dimen106
\beamer@animht=\dimen107
\beamer@animdp=\dimen108
\beamer@animwd=\dimen109
\beamer@leftmargin=\dimen110
\beamer@rightmargin=\dimen111
\beamer@leftsidebar=\dimen112
\beamer@rightsidebar=\dimen113
\beamer@boxsize=\dimen114
\beamer@vboxoffset=\dimen115
\beamer@descdefault=\dimen116
\beamer@descriptionwidth=\dimen117
\beamer@lastskip=\skip41
\beamer@areabox=\box28
\beamer@animcurrent=\box29
\beamer@animshowbox=\box30
\beamer@sectionbox=\box31
\beamer@logobox=\box32
\beamer@linebox=\box33
\beamer@sectioncount=\count85
\beamer@subsubsectionmax=\count86
\beamer@subsectionmax=\count87
\beamer@sectionmax=\count88
\beamer@totalheads=\count89
\beamer@headcounter=\count90
\beamer@partstartpage=\count91
\beamer@sectionstartpage=\count92
\beamer@subsectionstartpage=\count93
\beamer@animationtempa=\count94
\beamer@animationtempb=\count95
\beamer@xpos=\count96
\beamer@ypos=\count97
\beamer@showpartnumber=\count98
\beamer@currentsubsection=\count99
\beamer@coveringdepth=\count100
\beamer@sectionadjust=\count101
\beamer@tocsectionnumber=\count102

("C:\Program Files\MiKTeX 2.9\tex\latex\beamer\beamerbaseoptions.sty"
("C:\Program Files\MiKTeX 2.9\tex\latex\graphics\keyval.sty"
Package: keyval 2014/10/28 v1.15 key=value parser (DPC)
\KV@toks@=\toks14
))
\beamer@paperwidth=\skip42
\beamer@paperheight=\skip43

("C:\Program Files\MiKTeX 2.9\tex\latex\geometry\geometry.sty"
Package: geometry 2010/09/12 v5.6 Page Geometry

("C:\Program Files\MiKTeX 2.9\tex\generic\oberdiek\ifvtex.sty"
Package: ifvtex 2016/05/16 v1.6 Detect VTeX and its facilities (HO)
Package ifvtex Info: VTeX not detected.
)
("C:\Program Files\MiKTeX 2.9\tex\generic\ifxetex\ifxetex.sty"
Package: ifxetex 2010/09/12 v0.6 Provides ifxetex conditional
)
\Gm@cnth=\count103
\Gm@cntv=\count104
\c@Gm@tempcnt=\count105
\Gm@bindingoffset=\dimen118
\Gm@wd@mp=\dimen119
\Gm@odd@mp=\dimen120
\Gm@even@mp=\dimen121
\Gm@layoutwidth=\dimen122
\Gm@layoutheight=\dimen123
\Gm@layouthoffset=\dimen124
\Gm@layoutvoffset=\dimen125
\Gm@dimlist=\toks15

("C:\Program Files\MiKTeX 2.9\tex\latex\geometry\geometry.cfg"))
("C:\Program Files\MiKTeX 2.9\tex\latex\base\size10.clo"
File: size10.clo 2014/09/29 v1.4h Standard LaTeX file (size option)
)
("C:\Program Files\MiKTeX 2.9\tex\latex\pgf\basiclayer\pgfcore.sty"
("C:\Program Files\MiKTeX 2.9\tex\latex\graphics\graphicx.sty"
Package: graphicx 2014/10/28 v1.0g Enhanced LaTeX Graphics (DPC,SPQR)

("C:\Program Files\MiKTeX 2.9\tex\latex\graphics\graphics.sty"
Package: graphics 2017/04/14 v1.1b Standard LaTeX Graphics (DPC,SPQR)

("C:\Program Files\MiKTeX 2.9\tex\latex\graphics\trig.sty"
Package: trig 2016/01/03 v1.10 sin cos tan (DPC)
)
("C:\Program Files\MiKTeX 2.9\tex\latex\graphics-cfg\graphics.cfg"
File: graphics.cfg 2016/06/04 v1.11 sample graphics configuration
)
Package graphics Info: Driver file: pdftex.def on input line 99.

("C:\Program Files\MiKTeX 2.9\tex\latex\graphics-def\pdftex.def"
File: pdftex.def 2017/01/12 v0.06k Graphics/color for pdfTeX

("C:\Program Files\MiKTeX 2.9\tex\generic\oberdiek\infwarerr.sty"
Package: infwarerr 2016/05/16 v1.4 Providing info/warning/error messages (HO)
)
("C:\Program Files\MiKTeX 2.9\tex\generic\oberdiek\ltxcmds.sty"
Package: ltxcmds 2016/05/16 v1.23 LaTeX kernel commands for general use (HO)
)
\Gread@gobject=\count106
))
\Gin@req@height=\dimen126
\Gin@req@width=\dimen127
)
("C:\Program Files\MiKTeX 2.9\tex\latex\pgf\systemlayer\pgfsys.sty"
("C:\Program Files\MiKTeX 2.9\tex\latex\pgf\utilities\pgfrcs.sty"
("C:\Program Files\MiKTeX 2.9\tex\generic\pgf\utilities\pgfutil-common.tex"
\pgfutil@everybye=\toks16
\pgfutil@tempdima=\dimen128
\pgfutil@tempdimb=\dimen129

("C:\Program Files\MiKTeX 2.9\tex\generic\pgf\utilities\pgfutil-common-lists.te
x")) ("C:\Program Files\MiKTeX 2.9\tex\generic\pgf\utilities\pgfutil-latex.def"
\pgfutil@abb=\box34
("C:\Program Files\MiKTeX 2.9\tex\latex\ms\everyshi.sty"
Package: everyshi 2001/05/15 v3.00 EveryShipout Package (MS)
))
("C:\Program Files\MiKTeX 2.9\tex\generic\pgf\utilities\pgfrcs.code.tex"
Package: pgfrcs 2015/08/07 v3.0.1a (rcs-revision 1.31)
))
("C:\Program Files\MiKTeX 2.9\tex\generic\pgf\systemlayer\pgfsys.code.tex"
Package: pgfsys 2014/07/09 v3.0.1a (rcs-revision 1.48)

("C:\Program Files\MiKTeX 2.9\tex\generic\pgf\utilities\pgfkeys.code.tex"
\pgfkeys@pathtoks=\toks17
\pgfkeys@temptoks=\toks18

("C:\Program Files\MiKTeX 2.9\tex\generic\pgf\utilities\pgfkeysfiltered.code.te
x"
\pgfkeys@tmptoks=\toks19
))
\pgf@x=\dimen130
\pgf@y=\dimen131
\pgf@xa=\dimen132
\pgf@ya=\dimen133
\pgf@xb=\dimen134
\pgf@yb=\dimen135
\pgf@xc=\dimen136
\pgf@yc=\dimen137
\w@pgf@writea=\write3
\r@pgf@reada=\read1
\c@pgf@counta=\count107
\c@pgf@countb=\count108
\c@pgf@countc=\count109
\c@pgf@countd=\count110
\t@pgf@toka=\toks20
\t@pgf@tokb=\toks21
\t@pgf@tokc=\toks22
 ("C:\Program Files\MiKTeX 2.9\tex\generic\pgf\systemlayer\pgf.cfg"
File: pgf.cfg 2008/05/14  (rcs-revision 1.7)
)
Driver file for pgf: pgfsys-pdftex.def

("C:\Program Files\MiKTeX 2.9\tex\generic\pgf\systemlayer\pgfsys-pdftex.def"
File: pgfsys-pdftex.def 2014/10/11  (rcs-revision 1.35)

("C:\Program Files\MiKTeX 2.9\tex\generic\pgf\systemlayer\pgfsys-common-pdf.def
"
File: pgfsys-common-pdf.def 2013/10/10  (rcs-revision 1.13)
)))
("C:\Program Files\MiKTeX 2.9\tex\generic\pgf\systemlayer\pgfsyssoftpath.code.t
ex"
File: pgfsyssoftpath.code.tex 2013/09/09  (rcs-revision 1.9)
\pgfsyssoftpath@smallbuffer@items=\count111
\pgfsyssoftpath@bigbuffer@items=\count112
)
("C:\Program Files\MiKTeX 2.9\tex\generic\pgf\systemlayer\pgfsysprotocol.code.t
ex"
File: pgfsysprotocol.code.tex 2006/10/16  (rcs-revision 1.4)
)) ("C:\Program Files\MiKTeX 2.9\tex\latex\xcolor\xcolor.sty"
Package: xcolor 2016/05/11 v2.12 LaTeX color extensions (UK)

("C:\Program Files\MiKTeX 2.9\tex\latex\graphics-cfg\color.cfg"
File: color.cfg 2016/01/02 v1.6 sample color configuration
)
Package xcolor Info: Driver file: pdftex.def on input line 225.
Package xcolor Info: Model `cmy' substituted by `cmy0' on input line 1348.
Package xcolor Info: Model `hsb' substituted by `rgb' on input line 1352.
Package xcolor Info: Model `RGB' extended on input line 1364.
Package xcolor Info: Model `HTML' substituted by `rgb' on input line 1366.
Package xcolor Info: Model `Hsb' substituted by `hsb' on input line 1367.
Package xcolor Info: Model `tHsb' substituted by `hsb' on input line 1368.
Package xcolor Info: Model `HSB' substituted by `hsb' on input line 1369.
Package xcolor Info: Model `Gray' substituted by `gray' on input line 1370.
Package xcolor Info: Model `wave' substituted by `hsb' on input line 1371.
)
("C:\Program Files\MiKTeX 2.9\tex\generic\pgf\basiclayer\pgfcore.code.tex"
Package: pgfcore 2010/04/11 v3.0.1a (rcs-revision 1.7)

("C:\Program Files\MiKTeX 2.9\tex\generic\pgf\math\pgfmath.code.tex"
("C:\Program Files\MiKTeX 2.9\tex\generic\pgf\math\pgfmathcalc.code.tex"
("C:\Program Files\MiKTeX 2.9\tex\generic\pgf\math\pgfmathutil.code.tex")
("C:\Program Files\MiKTeX 2.9\tex\generic\pgf\math\pgfmathparser.code.tex"
\pgfmath@dimen=\dimen138
\pgfmath@count=\count113
\pgfmath@box=\box35
\pgfmath@toks=\toks23
\pgfmath@stack@operand=\toks24
\pgfmath@stack@operation=\toks25
)
("C:\Program Files\MiKTeX 2.9\tex\generic\pgf\math\pgfmathfunctions.code.tex"
("C:\Program Files\MiKTeX 2.9\tex\generic\pgf\math\pgfmathfunctions.basic.code.
tex")
("C:\Program Files\MiKTeX 2.9\tex\generic\pgf\math\pgfmathfunctions.trigonometr
ic.code.tex")
("C:\Program Files\MiKTeX 2.9\tex\generic\pgf\math\pgfmathfunctions.random.code
.tex")
("C:\Program Files\MiKTeX 2.9\tex\generic\pgf\math\pgfmathfunctions.comparison.
code.tex")
("C:\Program Files\MiKTeX 2.9\tex\generic\pgf\math\pgfmathfunctions.base.code.t
ex")
("C:\Program Files\MiKTeX 2.9\tex\generic\pgf\math\pgfmathfunctions.round.code.
tex")
("C:\Program Files\MiKTeX 2.9\tex\generic\pgf\math\pgfmathfunctions.misc.code.t
ex")
("C:\Program Files\MiKTeX 2.9\tex\generic\pgf\math\pgfmathfunctions.integerarit
hmetics.code.tex")))
("C:\Program Files\MiKTeX 2.9\tex\generic\pgf\math\pgfmathfloat.code.tex"
\c@pgfmathroundto@lastzeros=\count114
))
("C:\Program Files\MiKTeX 2.9\tex\generic\pgf\basiclayer\pgfcorepoints.code.tex
"
File: pgfcorepoints.code.tex 2013/10/07  (rcs-revision 1.27)
\pgf@picminx=\dimen139
\pgf@picmaxx=\dimen140
\pgf@picminy=\dimen141
\pgf@picmaxy=\dimen142
\pgf@pathminx=\dimen143
\pgf@pathmaxx=\dimen144
\pgf@pathminy=\dimen145
\pgf@pathmaxy=\dimen146
\pgf@xx=\dimen147
\pgf@xy=\dimen148
\pgf@yx=\dimen149
\pgf@yy=\dimen150
\pgf@zx=\dimen151
\pgf@zy=\dimen152
)
("C:\Program Files\MiKTeX 2.9\tex\generic\pgf\basiclayer\pgfcorepathconstruct.c
ode.tex"
File: pgfcorepathconstruct.code.tex 2013/10/07  (rcs-revision 1.29)
\pgf@path@lastx=\dimen153
\pgf@path@lasty=\dimen154
)
("C:\Program Files\MiKTeX 2.9\tex\generic\pgf\basiclayer\pgfcorepathusage.code.
tex"
File: pgfcorepathusage.code.tex 2014/11/02  (rcs-revision 1.24)
\pgf@shorten@end@additional=\dimen155
\pgf@shorten@start@additional=\dimen156
)
("C:\Program Files\MiKTeX 2.9\tex\generic\pgf\basiclayer\pgfcorescopes.code.tex
"
File: pgfcorescopes.code.tex 2015/05/08  (rcs-revision 1.46)
\pgfpic=\box36
\pgf@hbox=\box37
\pgf@layerbox@main=\box38
\pgf@picture@serial@count=\count115
)
("C:\Program Files\MiKTeX 2.9\tex\generic\pgf\basiclayer\pgfcoregraphicstate.co
de.tex"
File: pgfcoregraphicstate.code.tex 2014/11/02  (rcs-revision 1.12)
\pgflinewidth=\dimen157
)
("C:\Program Files\MiKTeX 2.9\tex\generic\pgf\basiclayer\pgfcoretransformations
.code.tex"
File: pgfcoretransformations.code.tex 2015/08/07  (rcs-revision 1.20)
\pgf@pt@x=\dimen158
\pgf@pt@y=\dimen159
\pgf@pt@temp=\dimen160
)
("C:\Program Files\MiKTeX 2.9\tex\generic\pgf\basiclayer\pgfcorequick.code.tex"
File: pgfcorequick.code.tex 2008/10/09  (rcs-revision 1.3)
)
("C:\Program Files\MiKTeX 2.9\tex\generic\pgf\basiclayer\pgfcoreobjects.code.te
x"
File: pgfcoreobjects.code.tex 2006/10/11  (rcs-revision 1.2)
)
("C:\Program Files\MiKTeX 2.9\tex\generic\pgf\basiclayer\pgfcorepathprocessing.
code.tex"
File: pgfcorepathprocessing.code.tex 2013/09/09  (rcs-revision 1.9)
)
("C:\Program Files\MiKTeX 2.9\tex\generic\pgf\basiclayer\pgfcorearrows.code.tex
"
File: pgfcorearrows.code.tex 2015/05/14  (rcs-revision 1.43)
\pgfarrowsep=\dimen161
)
("C:\Program Files\MiKTeX 2.9\tex\generic\pgf\basiclayer\pgfcoreshade.code.tex"
File: pgfcoreshade.code.tex 2013/07/15  (rcs-revision 1.15)
\pgf@max=\dimen162
\pgf@sys@shading@range@num=\count116
) ("C:\Program Files\MiKTeX 2.9\tex\generic\pgf\basiclayer\pgfcoreimage.code.te
x"
File: pgfcoreimage.code.tex 2013/07/15  (rcs-revision 1.18)

("C:\Program Files\MiKTeX 2.9\tex\generic\pgf\basiclayer\pgfcoreexternal.code.t
ex"
File: pgfcoreexternal.code.tex 2014/07/09  (rcs-revision 1.21)
\pgfexternal@startupbox=\box39
))
("C:\Program Files\MiKTeX 2.9\tex\generic\pgf\basiclayer\pgfcorelayers.code.tex
"
File: pgfcorelayers.code.tex 2013/07/18  (rcs-revision 1.7)
)
("C:\Program Files\MiKTeX 2.9\tex\generic\pgf\basiclayer\pgfcoretransparency.co
de.tex"
File: pgfcoretransparency.code.tex 2013/09/30  (rcs-revision 1.5)
)
("C:\Program Files\MiKTeX 2.9\tex\generic\pgf\basiclayer\pgfcorepatterns.code.t
ex"
File: pgfcorepatterns.code.tex 2013/11/07  (rcs-revision 1.5)
))) ("C:\Program Files\MiKTeX 2.9\tex\latex\pgf\utilities\xxcolor.sty"
Package: xxcolor 2003/10/24 ver 0.1
\XC@nummixins=\count117
\XC@countmixins=\count118
)
("C:\Program Files\MiKTeX 2.9\tex\generic\oberdiek\atbegshi.sty"
Package: atbegshi 2016/06/09 v1.18 At begin shipout hook (HO)
)
("C:\Program Files\MiKTeX 2.9\tex\latex\hyperref\hyperref.sty"
Package: hyperref 2017/03/14 v6.85a Hypertext links for LaTeX

("C:\Program Files\MiKTeX 2.9\tex\generic\oberdiek\hobsub-hyperref.sty"
Package: hobsub-hyperref 2016/05/16 v1.14 Bundle oberdiek, subset hyperref (HO)


("C:\Program Files\MiKTeX 2.9\tex\generic\oberdiek\hobsub-generic.sty"
Package: hobsub-generic 2016/05/16 v1.14 Bundle oberdiek, subset generic (HO)
Package: hobsub 2016/05/16 v1.14 Construct package bundles (HO)
Package hobsub Info: Skipping package `infwarerr' (already loaded).
Package hobsub Info: Skipping package `ltxcmds' (already loaded).
Package: ifluatex 2016/05/16 v1.4 Provides the ifluatex switch (HO)
Package ifluatex Info: LuaTeX not detected.
Package hobsub Info: Skipping package `ifvtex' (already loaded).
Package: intcalc 2016/05/16 v1.2 Expandable calculations with integers (HO)
Package hobsub Info: Skipping package `ifpdf' (already loaded).
Package: etexcmds 2016/05/16 v1.6 Avoid name clashes with e-TeX commands (HO)
Package etexcmds Info: Could not find \expanded.
(etexcmds)             That can mean that you are not using pdfTeX 1.50 or
(etexcmds)             that some package has redefined \expanded.
(etexcmds)             In the latter case, load this package earlier.
Package: kvsetkeys 2016/05/16 v1.17 Key value parser (HO)
Package: kvdefinekeys 2016/05/16 v1.4 Define keys (HO)
Package: pdftexcmds 2017/03/19 v0.25 Utility functions of pdfTeX for LuaTeX (HO
)
Package pdftexcmds Info: LuaTeX not detected.
Package pdftexcmds Info: \pdf@primitive is available.
Package pdftexcmds Info: \pdf@ifprimitive is available.
Package pdftexcmds Info: \pdfdraftmode found.
Package: pdfescape 2016/05/16 v1.14 Implements pdfTeX's escape features (HO)
Package: bigintcalc 2016/05/16 v1.4 Expandable calculations on big integers (HO
)
Package: bitset 2016/05/16 v1.2 Handle bit-vector datatype (HO)
Package: uniquecounter 2016/05/16 v1.3 Provide unlimited unique counter (HO)
)
Package hobsub Info: Skipping package `hobsub' (already loaded).
Package: letltxmacro 2016/05/16 v1.5 Let assignment for LaTeX macros (HO)
Package: hopatch 2016/05/16 v1.3 Wrapper for package hooks (HO)
Package: xcolor-patch 2016/05/16 xcolor patch
Package: atveryend 2016/05/16 v1.9 Hooks at the very end of document (HO)
Package hobsub Info: Skipping package `atbegshi' (already loaded).
Package: refcount 2016/05/16 v3.5 Data extraction from label references (HO)
Package: hycolor 2016/05/16 v1.8 Color options for hyperref/bookmark (HO)
)
("C:\Program Files\MiKTeX 2.9\tex\latex\oberdiek\auxhook.sty"
Package: auxhook 2016/05/16 v1.4 Hooks for auxiliary files (HO)
)
("C:\Program Files\MiKTeX 2.9\tex\latex\oberdiek\kvoptions.sty"
Package: kvoptions 2016/05/16 v3.12 Key value format for package options (HO)
)
\@linkdim=\dimen163
\Hy@linkcounter=\count119
\Hy@pagecounter=\count120

("C:\Program Files\MiKTeX 2.9\tex\latex\hyperref\pd1enc.def"
File: pd1enc.def 2017/03/14 v6.85a Hyperref: PDFDocEncoding definition (HO)
)
\Hy@SavedSpaceFactor=\count121

("C:\Program Files\MiKTeX 2.9\tex\latex\00miktex\hyperref.cfg"
File: hyperref.cfg 2002/06/06 v1.2 hyperref configuration of TeXLive
)
Package hyperref Info: Option `bookmarks' set `true' on input line 4374.
Package hyperref Info: Option `bookmarksopen' set `true' on input line 4374.
Package hyperref Info: Option `implicit' set `false' on input line 4374.
Package hyperref Info: Hyper figures OFF on input line 4498.
Package hyperref Info: Link nesting OFF on input line 4503.
Package hyperref Info: Hyper index ON on input line 4506.
Package hyperref Info: Plain pages OFF on input line 4513.
Package hyperref Info: Backreferencing OFF on input line 4518.
Package hyperref Info: Implicit mode OFF; no redefinition of LaTeX internals.
Package hyperref Info: Bookmarks ON on input line 4751.
\c@Hy@tempcnt=\count122

("C:\Program Files\MiKTeX 2.9\tex\latex\url\url.sty"
\Urlmuskip=\muskip10
Package: url 2013/09/16  ver 3.4  Verb mode for urls, etc.
)
LaTeX Info: Redefining \url on input line 5104.
\XeTeXLinkMargin=\dimen164
\Fld@menulength=\count123
\Field@Width=\dimen165
\Fld@charsize=\dimen166
Package hyperref Info: Hyper figures OFF on input line 6358.
Package hyperref Info: Link nesting OFF on input line 6363.
Package hyperref Info: Hyper index ON on input line 6366.
Package hyperref Info: backreferencing OFF on input line 6373.
Package hyperref Info: Link coloring OFF on input line 6378.
Package hyperref Info: Link coloring with OCG OFF on input line 6383.
Package hyperref Info: PDF/A mode OFF on input line 6388.
LaTeX Info: Redefining \ref on input line 6428.
LaTeX Info: Redefining \pageref on input line 6432.
\Hy@abspage=\count124


Package hyperref Message: Stopped early.

)

Package hyperref Message: Driver (autodetected): hpdftex.

("C:\Program Files\MiKTeX 2.9\tex\latex\hyperref\hpdftex.def"
File: hpdftex.def 2017/03/14 v6.85a Hyperref driver for pdfTeX
\Fld@listcount=\count125
\c@bookmark@seq@number=\count126

("C:\Program Files\MiKTeX 2.9\tex\latex\oberdiek\rerunfilecheck.sty"
Package: rerunfilecheck 2016/05/16 v1.8 Rerun checks for auxiliary files (HO)
Package uniquecounter Info: New unique counter `rerunfilecheck' on input line 2
82.
))
("C:\Program Files\MiKTeX 2.9\tex\latex\beamer\beamerbaserequires.sty"
("C:\Program Files\MiKTeX 2.9\tex\latex\beamer\beamerbasecompatibility.sty")
("C:\Program Files\MiKTeX 2.9\tex\latex\beamer\beamerbasefont.sty"
("C:\Program Files\MiKTeX 2.9\tex\latex\amsfonts\amssymb.sty"
Package: amssymb 2013/01/14 v3.01 AMS font symbols

("C:\Program Files\MiKTeX 2.9\tex\latex\amsfonts\amsfonts.sty"
Package: amsfonts 2013/01/14 v3.01 Basic AMSFonts support
\@emptytoks=\toks26
\symAMSa=\mathgroup4
\symAMSb=\mathgroup5
LaTeX Font Info:    Overwriting math alphabet `\mathfrak' in version `bold'
(Font)                  U/euf/m/n --> U/euf/b/n on input line 106.
))
("C:\Program Files\MiKTeX 2.9\tex\latex\sansmathaccent\sansmathaccent.sty"
Package: sansmathaccent 2013/03/28

("C:\Program Files\MiKTeX 2.9\tex\latex\filehook\filehook.sty"
Package: filehook 2011/10/12 v0.5d Hooks for input files
)))
("C:\Program Files\MiKTeX 2.9\tex\latex\beamer\beamerbasetranslator.sty"
("C:\Program Files\MiKTeX 2.9\tex\latex\beamer\translator\translator.sty"
Package: translator 2010/06/12 ver 1.10

("C:\Program Files\MiKTeX 2.9\tex\latex\beamer\translator\translator-language-m
appings.tex")))
("C:\Program Files\MiKTeX 2.9\tex\latex\beamer\beamerbasemisc.sty")
("C:\Program Files\MiKTeX 2.9\tex\latex\beamer\beamerbasetwoscreens.sty")
("C:\Program Files\MiKTeX 2.9\tex\latex\beamer\beamerbaseoverlay.sty"
\beamer@argscount=\count127
\beamer@lastskipcover=\skip44
\beamer@trivlistdepth=\count128
)
("C:\Program Files\MiKTeX 2.9\tex\latex\beamer\beamerbasetitle.sty")
("C:\Program Files\MiKTeX 2.9\tex\latex\beamer\beamerbasesection.sty"
\c@lecture=\count129
\c@part=\count130
\c@section=\count131
\c@subsection=\count132
\c@subsubsection=\count133
)
("C:\Program Files\MiKTeX 2.9\tex\latex\beamer\beamerbaseframe.sty"
\beamer@framebox=\box40
\beamer@frametitlebox=\box41
\beamer@zoombox=\box42
\beamer@zoomcount=\count134
\beamer@zoomframecount=\count135
\beamer@frametextheight=\dimen167
\c@subsectionslide=\count136
\beamer@frametopskip=\skip45
\beamer@framebottomskip=\skip46
\beamer@frametopskipautobreak=\skip47
\beamer@framebottomskipautobreak=\skip48
\beamer@envbody=\toks27
\framewidth=\dimen168
\c@framenumber=\count137
)
("C:\Program Files\MiKTeX 2.9\tex\latex\beamer\beamerbaseverbatim.sty"
\beamer@verbatimfileout=\write4
)
("C:\Program Files\MiKTeX 2.9\tex\latex\beamer\beamerbaseframesize.sty"
\beamer@splitbox=\box43
\beamer@autobreakcount=\count138
\beamer@autobreaklastheight=\dimen169
\beamer@frametitletoks=\toks28
\beamer@framesubtitletoks=\toks29
)
("C:\Program Files\MiKTeX 2.9\tex\latex\beamer\beamerbaseframecomponents.sty"
\beamer@footins=\box44
)
("C:\Program Files\MiKTeX 2.9\tex\latex\beamer\beamerbasecolor.sty")
("C:\Program Files\MiKTeX 2.9\tex\latex\beamer\beamerbasenotes.sty"
\beamer@frameboxcopy=\box45
)
("C:\Program Files\MiKTeX 2.9\tex\latex\beamer\beamerbasetoc.sty")
("C:\Program Files\MiKTeX 2.9\tex\latex\beamer\beamerbasetemplates.sty"
\beamer@sbttoks=\toks30

("C:\Program Files\MiKTeX 2.9\tex\latex\beamer\beamerbaseauxtemplates.sty"
("C:\Program Files\MiKTeX 2.9\tex\latex\beamer\beamerbaseboxes.sty"
\bmb@box=\box46
\bmb@colorbox=\box47
\bmb@boxshadow=\box48
\bmb@boxshadowball=\box49
\bmb@boxshadowballlarge=\box50
\bmb@temp=\dimen170
\bmb@dima=\dimen171
\bmb@dimb=\dimen172
\bmb@prevheight=\dimen173
)
\beamer@blockheadheight=\dimen174
))
("C:\Program Files\MiKTeX 2.9\tex\latex\beamer\beamerbaselocalstructure.sty"
("C:\Program Files\MiKTeX 2.9\tex\latex\tools\enumerate.sty"
Package: enumerate 2015/07/23 v3.00 enumerate extensions (DPC)
\@enLab=\toks31
)
\c@figure=\count139
\c@table=\count140
\abovecaptionskip=\skip49
\belowcaptionskip=\skip50
)
("C:\Program Files\MiKTeX 2.9\tex\latex\beamer\beamerbasenavigation.sty"
\beamer@section@min@dim=\dimen175
)
("C:\Program Files\MiKTeX 2.9\tex\latex\beamer\beamerbasetheorems.sty"
("C:\Program Files\MiKTeX 2.9\tex\latex\amsmath\amsmath.sty"
Package: amsmath 2016/11/05 v2.16a AMS math features
\@mathmargin=\skip51

For additional information on amsmath, use the `?' option.
("C:\Program Files\MiKTeX 2.9\tex\latex\amsmath\amstext.sty"
Package: amstext 2000/06/29 v2.01 AMS text

("C:\Program Files\MiKTeX 2.9\tex\latex\amsmath\amsgen.sty"
File: amsgen.sty 1999/11/30 v2.0 generic functions
\@emptytoks=\toks32
\ex@=\dimen176
))
("C:\Program Files\MiKTeX 2.9\tex\latex\amsmath\amsbsy.sty"
Package: amsbsy 1999/11/29 v1.2d Bold Symbols
\pmbraise@=\dimen177
)
("C:\Program Files\MiKTeX 2.9\tex\latex\amsmath\amsopn.sty"
Package: amsopn 2016/03/08 v2.02 operator names
)
\inf@bad=\count141
LaTeX Info: Redefining \frac on input line 213.
\uproot@=\count142
\leftroot@=\count143
LaTeX Info: Redefining \overline on input line 375.
\classnum@=\count144
\DOTSCASE@=\count145
LaTeX Info: Redefining \ldots on input line 472.
LaTeX Info: Redefining \dots on input line 475.
LaTeX Info: Redefining \cdots on input line 596.
\Mathstrutbox@=\box51
\strutbox@=\box52
\big@size=\dimen178
LaTeX Font Info:    Redeclaring font encoding OML on input line 712.
LaTeX Font Info:    Redeclaring font encoding OMS on input line 713.
\macc@depth=\count146
\c@MaxMatrixCols=\count147
\dotsspace@=\muskip11
\c@parentequation=\count148
\dspbrk@lvl=\count149
\tag@help=\toks33
\row@=\count150
\column@=\count151
\maxfields@=\count152
\andhelp@=\toks34
\eqnshift@=\dimen179
\alignsep@=\dimen180
\tagshift@=\dimen181
\tagwidth@=\dimen182
\totwidth@=\dimen183
\lineht@=\dimen184
\@envbody=\toks35
\multlinegap=\skip52
\multlinetaggap=\skip53
\mathdisplay@stack=\toks36
LaTeX Info: Redefining \[ on input line 2817.
LaTeX Info: Redefining \] on input line 2818.
)
("C:\Program Files\MiKTeX 2.9\tex\latex\amscls\amsthm.sty"
Package: amsthm 2015/03/04 v2.20.2
\thm@style=\toks37
\thm@bodyfont=\toks38
\thm@headfont=\toks39
\thm@notefont=\toks40
\thm@headpunct=\toks41
\thm@preskip=\skip54
\thm@postskip=\skip55
\thm@headsep=\skip56
\dth@everypar=\toks42
)
\c@theorem=\count153
)
("C:\Program Files\MiKTeX 2.9\tex\latex\beamer\beamerbasethemes.sty"))
("C:\Program Files\MiKTeX 2.9\tex\latex\beamer\themes\theme\beamerthemedefault.
sty"
("C:\Program Files\MiKTeX 2.9\tex\latex\beamer\themes\font\beamerfontthemedefau
lt.sty")
("C:\Program Files\MiKTeX 2.9\tex\latex\beamer\themes\color\beamercolorthemedef
ault.sty")
("C:\Program Files\MiKTeX 2.9\tex\latex\beamer\themes\inner\beamerinnerthemedef
ault.sty"
\beamer@dima=\dimen185
\beamer@dimb=\dimen186
)
("C:\Program Files\MiKTeX 2.9\tex\latex\beamer\themes\outer\beamerouterthemedef
ault.sty")))
("C:\Program Files\MiKTeX 2.9\tex\latex\beamertheme-metropolis\beamerthememetro
polis.sty"
Package: beamerthememetropolis 2017/01/23 v1.2 Metropolis Beamer theme
 ("C:\Program Files\MiKTeX 2.9\tex\latex\pgfopts\pgfopts.sty"
Package: pgfopts 2014/07/10 v2.1a LaTeX package options with pgfkeys

("C:\Program Files\MiKTeX 2.9\tex\latex\pgf\utilities\pgfkeys.sty"
("C:\Program Files\MiKTeX 2.9\tex\generic\pgf\utilities\pgfkeys.code.tex"))
\pgfopts@list@add@a@toks=\toks43
\pgfopts@list@add@b@toks=\toks44
)
("C:\Program Files\MiKTeX 2.9\tex\latex\beamertheme-metropolis\beamerinnertheme
metropolis.sty"
Package: beamerinnerthememetropolis 2017/01/23 Metropolis inner theme
 ("C:\Program Files\MiKTeX 2.9\tex\latex\tools\calc.sty"
Package: calc 2014/10/28 v4.3 Infix arithmetic (KKT,FJ)
\calc@Acount=\count154
\calc@Bcount=\count155
\calc@Adimen=\dimen187
\calc@Bdimen=\dimen188
\calc@Askip=\skip57
\calc@Bskip=\skip58
LaTeX Info: Redefining \setlength on input line 80.
LaTeX Info: Redefining \addtolength on input line 81.
\calc@Ccount=\count156
\calc@Cskip=\skip59
)
("C:\Program Files\MiKTeX 2.9\tex\latex\pgf\frontendlayer\tikz.sty"
("C:\Program Files\MiKTeX 2.9\tex\latex\pgf\basiclayer\pgf.sty"
Package: pgf 2015/08/07 v3.0.1a (rcs-revision 1.15)

("C:\Program Files\MiKTeX 2.9\tex\generic\pgf\modules\pgfmoduleshapes.code.tex"
File: pgfmoduleshapes.code.tex 2014/03/21  (rcs-revision 1.35)
\pgfnodeparttextbox=\box53
) ("C:\Program Files\MiKTeX 2.9\tex\generic\pgf\modules\pgfmoduleplot.code.tex"
File: pgfmoduleplot.code.tex 2015/08/03  (rcs-revision 1.13)
)
("C:\Program Files\MiKTeX 2.9\tex\latex\pgf\compatibility\pgfcomp-version-0-65.
sty"
Package: pgfcomp-version-0-65 2007/07/03 v3.0.1a (rcs-revision 1.7)
\pgf@nodesepstart=\dimen189
\pgf@nodesepend=\dimen190
)
("C:\Program Files\MiKTeX 2.9\tex\latex\pgf\compatibility\pgfcomp-version-1-18.
sty"
Package: pgfcomp-version-1-18 2007/07/23 v3.0.1a (rcs-revision 1.1)
)) ("C:\Program Files\MiKTeX 2.9\tex\latex\pgf\utilities\pgffor.sty"
("C:\Program Files\MiKTeX 2.9\tex\latex\pgf\math\pgfmath.sty"
("C:\Program Files\MiKTeX 2.9\tex\generic\pgf\math\pgfmath.code.tex"))
("C:\Program Files\MiKTeX 2.9\tex\generic\pgf\utilities\pgffor.code.tex"
Package: pgffor 2013/12/13 v3.0.1a (rcs-revision 1.25)

("C:\Program Files\MiKTeX 2.9\tex\generic\pgf\math\pgfmath.code.tex")
\pgffor@iter=\dimen191
\pgffor@skip=\dimen192
\pgffor@stack=\toks45
\pgffor@toks=\toks46
))
("C:\Program Files\MiKTeX 2.9\tex\generic\pgf\frontendlayer\tikz\tikz.code.tex"
Package: tikz 2015/08/07 v3.0.1a (rcs-revision 1.151)

("C:\Program Files\MiKTeX 2.9\tex\generic\pgf\libraries\pgflibraryplothandlers.
code.tex"
File: pgflibraryplothandlers.code.tex 2013/08/31 v3.0.1a (rcs-revision 1.20)
\pgf@plot@mark@count=\count157
\pgfplotmarksize=\dimen193
)
\tikz@lastx=\dimen194
\tikz@lasty=\dimen195
\tikz@lastxsaved=\dimen196
\tikz@lastysaved=\dimen197
\tikzleveldistance=\dimen198
\tikzsiblingdistance=\dimen199
\tikz@figbox=\box54
\tikz@figbox@bg=\box55
\tikz@tempbox=\box56
\tikz@tempbox@bg=\box57
\tikztreelevel=\count158
\tikznumberofchildren=\count159
\tikznumberofcurrentchild=\count160
\tikz@fig@count=\count161

("C:\Program Files\MiKTeX 2.9\tex\generic\pgf\modules\pgfmodulematrix.code.tex"
File: pgfmodulematrix.code.tex 2013/09/17  (rcs-revision 1.8)
\pgfmatrixcurrentrow=\count162
\pgfmatrixcurrentcolumn=\count163
\pgf@matrix@numberofcolumns=\count164
)
\tikz@expandcount=\count165

("C:\Program Files\MiKTeX 2.9\tex\generic\pgf\frontendlayer\tikz\libraries\tikz
librarytopaths.code.tex"
File: tikzlibrarytopaths.code.tex 2008/06/17 v3.0.1a (rcs-revision 1.2)
)))
\metropolis@titleseparator@linewidth=\skip60
\metropolis@progressonsectionpage=\skip61
\metropolis@progressonsectionpage@linewidth=\skip62
\metropolis@blocksep=\skip63
\metropolis@blockadjust=\skip64
\metropolis@parskip=\skip65
)
("C:\Program Files\MiKTeX 2.9\tex\latex\beamertheme-metropolis\beameroutertheme
metropolis.sty"
Package: beamerouterthememetropolis 2017/01/23 Metropolis outer theme
\metropolis@frametitle@padding=\skip66
\metropolis@progressinheadfoot=\skip67
\metropolis@progressinheadfoot@linewidth=\skip68
)
("C:\Program Files\MiKTeX 2.9\tex\latex\beamertheme-metropolis\beamercolortheme
metropolis.sty"
Package: beamercolorthememetropolis 2017/01/23 Metropolis color theme
)
("C:\Program Files\MiKTeX 2.9\tex\latex\beamertheme-metropolis\beamerfontthemem
etropolis.sty"
Package: beamerfontthememetropolis 2017/01/23 Metropolis font theme


Package beamerthememetropolis Warning: You need to compile with XeLaTeX or LuaL
aTeX to use the Fira fonts on input line 95.

))
("C:\Program Files\MiKTeX 2.9\tex\latex\appendixnumberbeamer\appendixnumberbeam
er.sty") ("C:\Program Files\MiKTeX 2.9\tex\latex\booktabs\booktabs.sty"
Package: booktabs 2005/04/14 v1.61803 publication quality tables
\heavyrulewidth=\dimen256
\lightrulewidth=\dimen257
\cmidrulewidth=\dimen258
\belowrulesep=\dimen259
\belowbottomsep=\dimen260
\aboverulesep=\dimen261
\abovetopsep=\dimen262
\cmidrulesep=\dimen263
\cmidrulekern=\dimen264
\defaultaddspace=\dimen265
\@cmidla=\count166
\@cmidlb=\count167
\@aboverulesep=\dimen266
\@belowrulesep=\dimen267
\@thisruleclass=\count168
\@lastruleclass=\count169
\@thisrulewidth=\dimen268
)
("C:\Program Files\MiKTeX 2.9\tex\latex\ccicons\ccicons.sty"
Package: ccicons 2017/10/30 v1.6 LaTeX support for Creative Commons icons

("C:\Program Files\MiKTeX 2.9\tex\latex\xkeyval\xkeyval.sty"
Package: xkeyval 2014/12/03 v2.7a package option processing (HA)

("C:\Program Files\MiKTeX 2.9\tex\generic\xkeyval\xkeyval.tex"
("C:\Program Files\MiKTeX 2.9\tex\generic\xkeyval\xkvutils.tex"
\XKV@toks=\toks47
\XKV@tempa@toks=\toks48
)
\XKV@depth=\count170
File: xkeyval.tex 2014/12/03 v2.7a key=value parser (HA)
)))
("C:\Program Files\MiKTeX 2.9\tex\latex\pgfplots\pgfplots.sty"
("C:\Program Files\MiKTeX 2.9\tex\generic\pgfplots\pgfplots.revision.tex")
Package: pgfplots 2018/03/28 v1.16 Data Visualization (1.16)

("C:\Program Files\MiKTeX 2.9\tex\generic\pgfplots\pgfplots.code.tex"
("C:\Program Files\MiKTeX 2.9\tex\generic\pgfplots\pgfplotscore.code.tex"
\t@pgfplots@toka=\toks49
\t@pgfplots@tokb=\toks50
\t@pgfplots@tokc=\toks51
\pgfplots@tmpa=\dimen269
\c@pgfplots@coordindex=\count171
\c@pgfplots@scanlineindex=\count172

("C:\Program Files\MiKTeX 2.9\tex\generic\pgfplots\sys\pgfplotssysgeneric.code.
tex"))
("C:\Program Files\MiKTeX 2.9\tex\generic\pgfplots\libs\pgfplotslibrary.code.te
x")
("C:\Program Files\MiKTeX 2.9\tex\generic\pgfplots\oldpgfcompatib\pgfplotsoldpg
fsupp_loader.code.tex"
("C:\Program Files\MiKTeX 2.9\tex\generic\pgf\libraries\pgflibraryfpu.code.tex"
)
Package pgfplots: loading complementary arithmetics for your pgf version...

("C:\Program Files\MiKTeX 2.9\tex\generic\pgfplots\oldpgfcompatib\pgfplotsoldpg
fsupp_pgflibraryfpu.code.tex")
("C:\Program Files\MiKTeX 2.9\tex\generic\pgfplots\oldpgfcompatib\pgfplotsoldpg
fsupp_pgfmathfloat.code.tex"
\c@pgfmathroundto@lastzeros=\count173
)
("C:\Program Files\MiKTeX 2.9\tex\generic\pgfplots\oldpgfcompatib\pgfplotsoldpg
fsupp_leq.code.tex"))
("C:\Program Files\MiKTeX 2.9\tex\generic\pgfplots\util\pgfplotsutil.code.tex"
("C:\Program Files\MiKTeX 2.9\tex\generic\pgfplots\liststructure\pgfplotslistst
ructure.code.tex")
("C:\Program Files\MiKTeX 2.9\tex\generic\pgfplots\liststructure\pgfplotslistst
ructureext.code.tex")
("C:\Program Files\MiKTeX 2.9\tex\generic\pgfplots\liststructure\pgfplotsarray.
code.tex"
\c@pgfplotsarray@tmp=\count174
)
("C:\Program Files\MiKTeX 2.9\tex\generic\pgfplots\liststructure\pgfplotsmatrix
.code.tex")
("C:\Program Files\MiKTeX 2.9\tex\generic\pgfplots\numtable\pgfplotstableshared
.code.tex"
\c@pgfplotstable@counta=\count175
\t@pgfplotstable@a=\toks52
)
("C:\Program Files\MiKTeX 2.9\tex\generic\pgfplots\liststructure\pgfplotsdeque.
code.tex")
("C:\Program Files\MiKTeX 2.9\tex\generic\pgfplots\util\pgfplotsbinary.code.tex
"
("C:\Program Files\MiKTeX 2.9\tex\generic\pgfplots\util\pgfplotsbinary.data.cod
e.tex"))
("C:\Program Files\MiKTeX 2.9\tex\generic\pgfplots\util\pgfplotsutil.verb.code.
tex")
("C:\Program Files\MiKTeX 2.9\tex\generic\pgfplots\libs\pgflibrarypgfplots.surf
shading.code.tex"
\c@pgfplotslibrarysurf@no=\count176

("C:\Program Files\MiKTeX 2.9\tex\generic\pgfplots\sys\pgflibrarypgfplots.surfs
hading.pgfsys-pdftex.def")))
("C:\Program Files\MiKTeX 2.9\tex\generic\pgfplots\util\pgfplotscolormap.code.t
ex"
("C:\Program Files\MiKTeX 2.9\tex\generic\pgfplots\util\pgfplotscolor.code.tex"
))
("C:\Program Files\MiKTeX 2.9\tex\generic\pgfplots\pgfplotsstackedplots.code.te
x")
("C:\Program Files\MiKTeX 2.9\tex\generic\pgfplots\pgfplotsplothandlers.code.te
x"
("C:\Program Files\MiKTeX 2.9\tex\generic\pgfplots\pgfplotsmeshplothandler.code
.tex"
("C:\Program Files\MiKTeX 2.9\tex\generic\pgfplots\pgfplotsmeshplotimage.code.t
ex")))
("C:\Program Files\MiKTeX 2.9\tex\generic\pgfplots\pgfplots.scaling.code.tex")
("C:\Program Files\MiKTeX 2.9\tex\generic\pgfplots\pgfplotscoordprocessing.code
.tex")
("C:\Program Files\MiKTeX 2.9\tex\generic\pgfplots\pgfplots.errorbars.code.tex"
) ("C:\Program Files\MiKTeX 2.9\tex\generic\pgfplots\pgfplots.markers.code.tex"
) ("C:\Program Files\MiKTeX 2.9\tex\generic\pgfplots\pgfplotsticks.code.tex")
("C:\Program Files\MiKTeX 2.9\tex\generic\pgfplots\pgfplots.paths.code.tex")
("C:\Program Files\MiKTeX 2.9\tex\generic\pgf\frontendlayer\tikz\libraries\tikz
librarydecorations.code.tex"
("C:\Program Files\MiKTeX 2.9\tex\generic\pgf\modules\pgfmoduledecorations.code
.tex"
\pgfdecoratedcompleteddistance=\dimen270
\pgfdecoratedremainingdistance=\dimen271
\pgfdecoratedinputsegmentcompleteddistance=\dimen272
\pgfdecoratedinputsegmentremainingdistance=\dimen273
\pgf@decorate@distancetomove=\dimen274
\pgf@decorate@repeatstate=\count177
\pgfdecorationsegmentamplitude=\dimen275
\pgfdecorationsegmentlength=\dimen276
)
\tikz@lib@dec@box=\box58
)
("C:\Program Files\MiKTeX 2.9\tex\generic\pgf\frontendlayer\tikz\libraries\tikz
librarydecorations.pathmorphing.code.tex"
("C:\Program Files\MiKTeX 2.9\tex\generic\pgf\libraries\decorations\pgflibraryd
ecorations.pathmorphing.code.tex"))
("C:\Program Files\MiKTeX 2.9\tex\generic\pgf\frontendlayer\tikz\libraries\tikz
librarydecorations.pathreplacing.code.tex"
("C:\Program Files\MiKTeX 2.9\tex\generic\pgf\libraries\decorations\pgflibraryd
ecorations.pathreplacing.code.tex"))
\pgfplots@numplots=\count178
\pgfplots@xmin@reg=\dimen277
\pgfplots@xmax@reg=\dimen278
\pgfplots@ymin@reg=\dimen279
\pgfplots@ymax@reg=\dimen280
\pgfplots@zmin@reg=\dimen281
\pgfplots@zmax@reg=\dimen282
)
("C:\Program Files\MiKTeX 2.9\tex\generic\pgf\frontendlayer\tikz\libraries\tikz
libraryplotmarks.code.tex"
File: tikzlibraryplotmarks.code.tex 2008/01/09 v3.0.1a (rcs-revision 1.1)

("C:\Program Files\MiKTeX 2.9\tex\generic\pgf\libraries\pgflibraryplotmarks.cod
e.tex"
File: pgflibraryplotmarks.code.tex 2015/08/03 v3.0.1a (rcs-revision 1.14)
))) ("C:\Program Files\MiKTeX 2.9\tex\latex\tools\xspace.sty"
Package: xspace 2014/10/28 v1.13 Space after command names (DPC,MH)
) (stata.sty
Package: stata 2013/10/23 v1.34 LaTeX package for Stata code
("C:\Program Files\MiKTeX 2.9\tex\latex\base\alltt.sty"
Package: alltt 1997/06/16 v2.0g defines alltt environment
)
("C:\Program Files\MiKTeX 2.9\tex\latex\base\ifthen.sty"
Package: ifthen 2014/09/29 v1.1c Standard LaTeX ifthen package (DPC)
)
\st@box=\box59
\st@box@wd=\dimen283
\st@box@ht=\dimen284
\st@box@dp=\dimen285
\stsyndent=\skip69
\streswidth=\skip70
\st@parindent=\skip71
\stexamplehskip=\skip72
\sttechhskip=\skip73
\st@ttbox@box=\box60
\st@ttbox@framesep=\dimen286
\ttboxIndent=\dimen287
\ttboxWd=\dimen288
\st@ttbox@boxwd=\dimen289
\st@box=\box61
\st@emptywidth=\skip74
\st@linesize=\skip75
\st@maxdepth=\skip76
\st@maxheight=\skip77
\st@mbdepth=\skip78
\st@mtdepth=\skip79
\st@xheight=\skip80
\st@xwidth=\skip81
\st@N=\count179
)
("C:\Program Files\MiKTeX 2.9\tex\latex\lm\lmodern.sty"
Package: lmodern 2009/10/30 v1.6 Latin Modern Fonts
LaTeX Font Info:    Overwriting symbol font `operators' in version `normal'
(Font)                  OT1/cmr/m/n --> OT1/lmr/m/n on input line 22.
LaTeX Font Info:    Overwriting symbol font `letters' in version `normal'
(Font)                  OML/cmm/m/it --> OML/lmm/m/it on input line 23.
LaTeX Font Info:    Overwriting symbol font `symbols' in version `normal'
(Font)                  OMS/cmsy/m/n --> OMS/lmsy/m/n on input line 24.
LaTeX Font Info:    Overwriting symbol font `largesymbols' in version `normal'
(Font)                  OMX/cmex/m/n --> OMX/lmex/m/n on input line 25.
LaTeX Font Info:    Overwriting symbol font `operators' in version `bold'
(Font)                  OT1/cmr/bx/n --> OT1/lmr/bx/n on input line 26.
LaTeX Font Info:    Overwriting symbol font `letters' in version `bold'
(Font)                  OML/cmm/b/it --> OML/lmm/b/it on input line 27.
LaTeX Font Info:    Overwriting symbol font `symbols' in version `bold'
(Font)                  OMS/cmsy/b/n --> OMS/lmsy/b/n on input line 28.
LaTeX Font Info:    Overwriting symbol font `largesymbols' in version `bold'
(Font)                  OMX/cmex/m/n --> OMX/lmex/m/n on input line 29.
LaTeX Font Info:    Overwriting math alphabet `\mathbf' in version `normal'
(Font)                  OT1/cmr/bx/n --> OT1/lmr/bx/n on input line 31.
LaTeX Font Info:    Overwriting math alphabet `\mathsf' in version `normal'
(Font)                  OT1/cmss/m/n --> OT1/lmss/m/n on input line 32.
LaTeX Font Info:    Overwriting math alphabet `\mathit' in version `normal'
(Font)                  OT1/cmr/m/it --> OT1/lmr/m/it on input line 33.
LaTeX Font Info:    Overwriting math alphabet `\mathtt' in version `normal'
(Font)                  OT1/cmtt/m/n --> OT1/lmtt/m/n on input line 34.
LaTeX Font Info:    Overwriting math alphabet `\mathbf' in version `bold'
(Font)                  OT1/cmr/bx/n --> OT1/lmr/bx/n on input line 35.
LaTeX Font Info:    Overwriting math alphabet `\mathsf' in version `bold'
(Font)                  OT1/cmss/bx/n --> OT1/lmss/bx/n on input line 36.
LaTeX Font Info:    Overwriting math alphabet `\mathit' in version `bold'
(Font)                  OT1/cmr/bx/it --> OT1/lmr/bx/it on input line 37.
LaTeX Font Info:    Overwriting math alphabet `\mathtt' in version `bold'
(Font)                  OT1/cmtt/m/n --> OT1/lmtt/m/n on input line 38.
)

Package hyperref Warning: Token not allowed in a PDF string (PDFDocEncoding):
(hyperref)                removing `\\' on input line 18.


("C:\Program Files\MiKTeX 2.9\tex\latex\beamertheme-metropolis\pgfplotsthemetol
.sty"
Package: pgfplotsthemetol 2017/01/23 PGFplots colors based on Paul Tol's SRON t
echnical note
) (stata_workshop_for_govt_officials.aux)
\openout1 = `stata_workshop_for_govt_officials.aux'.

LaTeX Font Info:    Checking defaults for OML/cmm/m/it on input line 43.
LaTeX Font Info:    ... okay on input line 43.
LaTeX Font Info:    Checking defaults for T1/cmr/m/n on input line 43.
LaTeX Font Info:    ... okay on input line 43.
LaTeX Font Info:    Checking defaults for OT1/cmr/m/n on input line 43.
LaTeX Font Info:    ... okay on input line 43.
LaTeX Font Info:    Checking defaults for OMS/cmsy/m/n on input line 43.
LaTeX Font Info:    ... okay on input line 43.
LaTeX Font Info:    Checking defaults for OMX/cmex/m/n on input line 43.
LaTeX Font Info:    ... okay on input line 43.
LaTeX Font Info:    Checking defaults for U/cmr/m/n on input line 43.
LaTeX Font Info:    ... okay on input line 43.
LaTeX Font Info:    Checking defaults for PD1/pdf/m/n on input line 43.
LaTeX Font Info:    ... okay on input line 43.
LaTeX Font Info:    Try loading font information for OT1+lmss on input line 43.


("C:\Program Files\MiKTeX 2.9\tex\latex\lm\ot1lmss.fd"
File: ot1lmss.fd 2009/10/30 v1.6 Font defs for Latin Modern
)
*geometry* driver: auto-detecting
*geometry* detected driver: pdftex
*geometry* verbose mode - [ preamble ] result:
* driver: pdftex
* paper: custom
* layout: <same size as paper>
* layoutoffset:(h,v)=(0.0pt,0.0pt)
* modes: includehead includefoot 
* h-part:(L,W,R)=(28.45274pt, 307.28987pt, 28.45274pt)
* v-part:(T,H,B)=(0.0pt, 273.14662pt, 0.0pt)
* \paperwidth=364.19536pt
* \paperheight=273.14662pt
* \textwidth=307.28987pt
* \textheight=244.6939pt
* \oddsidemargin=-43.81725pt
* \evensidemargin=-43.81725pt
* \topmargin=-72.26999pt
* \headheight=14.22636pt
* \headsep=0.0pt
* \topskip=10.0pt
* \footskip=14.22636pt
* \marginparwidth=3.0pt
* \marginparsep=11.0pt
* \columnsep=10.0pt
* \skip\footins=9.0pt plus 4.0pt minus 2.0pt
* \hoffset=0.0pt
* \voffset=0.0pt
* \mag=1000
* \@twocolumnfalse
* \@twosidefalse
* \@mparswitchfalse
* \@reversemarginfalse
* (1in=72.27pt=25.4mm, 1cm=28.453pt)

("C:\Program Files\MiKTeX 2.9\tex\context\base\supp-pdf.mkii"
[Loading MPS to PDF converter (version 2006.09.02).]
\scratchcounter=\count180
\scratchdimen=\dimen290
\scratchbox=\box62
\nofMPsegments=\count181
\nofMParguments=\count182
\everyMPshowfont=\toks53
\MPscratchCnt=\count183
\MPscratchDim=\dimen291
\MPnumerator=\count184
\makeMPintoPDFobject=\count185
\everyMPtoPDFconversion=\toks54
) ("C:\Program Files\MiKTeX 2.9\tex\latex\oberdiek\epstopdf-base.sty"
Package: epstopdf-base 2016/05/15 v2.6 Base part for package epstopdf

("C:\Program Files\MiKTeX 2.9\tex\latex\oberdiek\grfext.sty"
Package: grfext 2016/05/16 v1.2 Manage graphics extensions (HO)
)
Package epstopdf-base Info: Redefining graphics rule for `.eps' on input line 4
38.
Package grfext Info: Graphics extension search list:
(grfext)             [.png,.pdf,.jpg,.mps,.jpeg,.jbig2,.jb2,.PNG,.PDF,.JPG,.JPE
G,.JBIG2,.JB2,.eps]
(grfext)             \AppendGraphicsExtensions on input line 456.
)
ABD: EveryShipout initializing macros
\AtBeginShipoutBox=\box63
Package hyperref Info: Link coloring OFF on input line 43.

("C:\Program Files\MiKTeX 2.9\tex\latex\hyperref\nameref.sty"
Package: nameref 2016/05/21 v2.44 Cross-referencing by name of section

("C:\Program Files\MiKTeX 2.9\tex\generic\oberdiek\gettitlestring.sty"
Package: gettitlestring 2016/05/16 v1.5 Cleanup title references (HO)
)
\c@section@level=\count186
)
LaTeX Info: Redefining \ref on input line 43.
LaTeX Info: Redefining \pageref on input line 43.
LaTeX Info: Redefining \nameref on input line 43.

(stata_workshop_for_govt_officials.out) (stata_workshop_for_govt_officials.out)
\@outlinefile=\write5
\openout5 = `stata_workshop_for_govt_officials.out'.

LaTeX Font Info:    Overwriting symbol font `operators' in version `normal'
(Font)                  OT1/lmr/m/n --> OT1/cmss/m/n on input line 43.
LaTeX Font Info:    Overwriting symbol font `operators' in version `bold'
(Font)                  OT1/lmr/bx/n --> OT1/cmss/bx/n on input line 43.
LaTeX Font Info:    Overwriting symbol font `operators' in version `normal'
(Font)                  OT1/cmss/m/n --> OT1/lmss/m/n on input line 43.
LaTeX Font Info:    Overwriting symbol font `operators' in version `bold'
(Font)                  OT1/cmss/bx/n --> OT1/lmss/bx/n on input line 43.
\symnumbers=\mathgroup6
\sympureletters=\mathgroup7
LaTeX Font Info:    Overwriting math alphabet `\mathrm' in version `normal'
(Font)                  OT1/lmss/m/n --> OT1/lmr/m/n on input line 43.
LaTeX Font Info:    Redeclaring math alphabet \mathbf on input line 43.
LaTeX Font Info:    Overwriting math alphabet `\mathbf' in version `normal'
(Font)                  OT1/lmr/bx/n --> OT1/lmss/bx/n on input line 43.
LaTeX Font Info:    Overwriting math alphabet `\mathbf' in version `bold'
(Font)                  OT1/lmr/bx/n --> OT1/lmss/bx/n on input line 43.
LaTeX Font Info:    Redeclaring math alphabet \mathsf on input line 43.
LaTeX Font Info:    Overwriting math alphabet `\mathsf' in version `normal'
(Font)                  OT1/lmss/m/n --> OT1/lmss/m/n on input line 43.
LaTeX Font Info:    Overwriting math alphabet `\mathsf' in version `bold'
(Font)                  OT1/lmss/bx/n --> OT1/lmss/m/n on input line 43.
LaTeX Font Info:    Redeclaring math alphabet \mathit on input line 43.
LaTeX Font Info:    Overwriting math alphabet `\mathit' in version `normal'
(Font)                  OT1/lmr/m/it --> OT1/lmss/m/it on input line 43.
LaTeX Font Info:    Overwriting math alphabet `\mathit' in version `bold'
(Font)                  OT1/lmr/bx/it --> OT1/lmss/m/it on input line 43.
LaTeX Font Info:    Redeclaring math alphabet \mathtt on input line 43.
LaTeX Font Info:    Overwriting math alphabet `\mathtt' in version `normal'
(Font)                  OT1/lmtt/m/n --> OT1/lmtt/m/n on input line 43.
LaTeX Font Info:    Overwriting math alphabet `\mathtt' in version `bold'
(Font)                  OT1/lmtt/m/n --> OT1/lmtt/m/n on input line 43.
LaTeX Font Info:    Overwriting symbol font `numbers' in version `bold'
(Font)                  OT1/lmss/m/n --> OT1/lmss/bx/n on input line 43.
LaTeX Font Info:    Overwriting symbol font `pureletters' in version `bold'
(Font)                  OT1/lmss/m/it --> OT1/lmss/bx/it on input line 43.
LaTeX Font Info:    Overwriting math alphabet `\mathrm' in version `bold'
(Font)                  OT1/lmss/bx/n --> OT1/lmr/bx/n on input line 43.
LaTeX Font Info:    Overwriting math alphabet `\mathbf' in version `bold'
(Font)                  OT1/lmss/bx/n --> OT1/lmss/bx/n on input line 43.
LaTeX Font Info:    Overwriting math alphabet `\mathsf' in version `bold'
(Font)                  OT1/lmss/m/n --> OT1/lmss/bx/n on input line 43.
LaTeX Font Info:    Overwriting math alphabet `\mathit' in version `bold'
(Font)                  OT1/lmss/m/it --> OT1/lmss/bx/it on input line 43.
LaTeX Font Info:    Overwriting math alphabet `\mathtt' in version `bold'
(Font)                  OT1/lmtt/m/n --> OT1/lmtt/bx/n on input line 43.

("C:\Program Files\MiKTeX 2.9\tex\latex\beamer\translator\dicts\translator-basi
c-dictionary\translator-basic-dictionary-English.dict"
Dictionary: translator-basic-dictionary, Language: English 
)
("C:\Program Files\MiKTeX 2.9\tex\latex\beamer\translator\dicts\translator-bibl
iography-dictionary\translator-bibliography-dictionary-English.dict"
Dictionary: translator-bibliography-dictionary, Language: English 
)
("C:\Program Files\MiKTeX 2.9\tex\latex\beamer\translator\dicts\translator-envi
ronment-dictionary\translator-environment-dictionary-English.dict"
Dictionary: translator-environment-dictionary, Language: English 
)
("C:\Program Files\MiKTeX 2.9\tex\latex\beamer\translator\dicts\translator-mont
hs-dictionary\translator-months-dictionary-English.dict"
Dictionary: translator-months-dictionary, Language: English 
)
("C:\Program Files\MiKTeX 2.9\tex\latex\beamer\translator\dicts\translator-numb
ers-dictionary\translator-numbers-dictionary-English.dict"
Dictionary: translator-numbers-dictionary, Language: English 
)
("C:\Program Files\MiKTeX 2.9\tex\latex\beamer\translator\dicts\translator-theo
rem-dictionary\translator-theorem-dictionary-English.dict"
Dictionary: translator-theorem-dictionary, Language: English 
)
Package pgfplots notification 'compat/show suggested version=true': you might b
enefit from \pgfplotsset{compat=1.16} (current compat level: 1.9).

(stata_workshop_for_govt_officials.nav)
<DIME.png, id=24, 87.32625pt x 62.48344pt>
File: DIME.png Graphic file (type png)
 <use DIME.png>
Package pdftex.def Info: DIME.png used on input line 45.
(pdftex.def)             Requested size: 61.45703pt x 43.97359pt.

<logo_minagri.png, id=26, 376.40625pt x 407.27156pt>
File: logo_minagri.png Graphic file (type png)
 <use logo_minagri.png>
Package pdftex.def Info: logo_minagri.png used on input line 45.
(pdftex.def)             Requested size: 46.0916pt x 49.871pt.

<logo_eu.jpg, id=27, 138.5175pt x 89.58469pt>
File: logo_eu.jpg Graphic file (type jpg)
 <use logo_eu.jpg>
Package pdftex.def Info: logo_eu.jpg used on input line 45.
(pdftex.def)             Requested size: 61.45703pt x 39.74681pt.

Overfull \vbox (13.79993pt too high) detected at line 45
 []

[1

{C:/ProgramData/MiKTeX/2.9/pdftex/config/pdftex.map} <./DIME.png> <./logo_minag
ri.png> <./logo_eu.jpg>]
LaTeX Font Info:    Try loading font information for OML+lmm on input line 47.
 ("C:\Program Files\MiKTeX 2.9\tex\latex\lm\omllmm.fd"
File: omllmm.fd 2009/10/30 v1.6 Font defs for Latin Modern
)
LaTeX Font Info:    Try loading font information for OMS+lmsy on input line 47.

 ("C:\Program Files\MiKTeX 2.9\tex\latex\lm\omslmsy.fd"
File: omslmsy.fd 2009/10/30 v1.6 Font defs for Latin Modern
)
LaTeX Font Info:    Try loading font information for OMX+lmex on input line 47.


("C:\Program Files\MiKTeX 2.9\tex\latex\lm\omxlmex.fd"
File: omxlmex.fd 2009/10/30 v1.6 Font defs for Latin Modern
)
LaTeX Font Info:    External font `lmex10' loaded for size
(Font)              <10> on input line 47.
LaTeX Font Info:    External font `lmex10' loaded for size
(Font)              <7> on input line 47.
LaTeX Font Info:    External font `lmex10' loaded for size
(Font)              <5> on input line 47.
LaTeX Font Info:    Try loading font information for U+msa on input line 47.

("C:\Program Files\MiKTeX 2.9\tex\latex\amsfonts\umsa.fd"
File: umsa.fd 2013/01/14 v3.01 AMS symbols A
)
LaTeX Font Info:    Try loading font information for U+msb on input line 47.

("C:\Program Files\MiKTeX 2.9\tex\latex\amsfonts\umsb.fd"
File: umsb.fd 2013/01/14 v3.01 AMS symbols B
)
LaTeX Font Info:    Font shape `OT1/lmss/m/it' in size <10> not available
(Font)              Font shape `OT1/lmss/m/sl' tried instead on input line 47.
LaTeX Font Info:    Font shape `OT1/lmss/m/it' in size <7> not available
(Font)              Font shape `OT1/lmss/m/sl' tried instead on input line 47.
LaTeX Font Info:    Font shape `OT1/lmss/m/it' in size <5> not available
(Font)              Font shape `OT1/lmss/m/sl' tried instead on input line 47.
 [2

]

LaTeX Font Warning: Font shape `OT1/lmss/bx/sc' undefined
(Font)              using `OT1/lmss/bx/n' instead on input line 57.

[3

]
LaTeX Font Info:    Try loading font information for OMS+lmss on input line 73.

LaTeX Font Info:    No file OMSlmss.fd. on input line 73.


LaTeX Font Warning: Font shape `OMS/lmss/m/n' undefined
(Font)              using `OMS/cmsy/m/n' instead
(Font)              for symbol `textbullet' on input line 73.

[4

] [5

] [6

] [7

] <stata_interface.png, id=74, 1106.63437pt x 767.86874pt>
File: stata_interface.png Graphic file (type png)

<use stata_interface.png>
Package pdftex.def Info: stata_interface.png used on input line 133.
(pdftex.def)             Requested size: 276.559pt x 191.89641pt.
 [8

 <./stata_interface.png>]
LaTeX Font Info:    Font shape `OT1/lmss/m/it' in size <9> not available
(Font)              Font shape `OT1/lmss/m/sl' tried instead on input line 150.

 [9

]
<review_window.png, id=87, 372.64218pt x 264.23718pt>
File: review_window.png Graphic file (type png)
 <use review_window.png>
Package pdftex.def Info: review_window.png used on input line 177.
(pdftex.def)             Requested size: 103.70961pt x 73.53836pt.

<variable_window.png, id=88, 371.88937pt x 316.93407pt>
File: variable_window.png Graphic file (type png)

<use variable_window.png>
Package pdftex.def Info: variable_window.png used on input line 177.
(pdftex.def)             Requested size: 103.70961pt x 88.38306pt.
 [10

 <./review_window.png> <./variable_window.png>]
[11

] [12

] <open_dataset_menu.png, id=106, 1066.7353pt x 542.025pt>
File: open_dataset_menu.png Graphic file (type png)

<use open_dataset_menu.png>
Package pdftex.def Info: open_dataset_menu.png used on input line 232.
(pdftex.def)             Requested size: 276.559pt x 140.51791pt.
 [13

 <./open_dataset_menu.png>]
<open_dataset_command.png, id=114, 767.11594pt x 261.97874pt>
File: open_dataset_command.png Graphic file (type png)

<use open_dataset_command.png>
Package pdftex.def Info: open_dataset_command.png used on input line 251.
(pdftex.def)             Requested size: 276.559pt x 94.44818pt.
 [14

 <./open_dataset_command.png>] [15

]
<task1.png, id=128, 780.66656pt x 325.96782pt>
File: task1.png Graphic file (type png)
 <use task1.png>
Package pdftex.def Info: task1.png used on input line 287.
(pdftex.def)             Requested size: 276.559pt x 115.47815pt.

Overfull \vbox (4.76352pt too high) detected at line 287
 []

[16

 <./task1.png>] [17

] [18

] [19

] [20

] [21

]
<dataset1.png, id=161, 1018.55531pt x 491.58656pt>
File: dataset1.png Graphic file (type png)
 <use dataset1.png>
Package pdftex.def Info: dataset1.png used on input line 374.
(pdftex.def)             Requested size: 276.559pt x 133.47273pt.
 [22

 <./dataset1.png>] <dataset2.png, id=168, 1018.55531pt x 491.58656pt>
File: dataset2.png Graphic file (type png)

<use dataset2.png>
Package pdftex.def Info: dataset2.png used on input line 384.
(pdftex.def)             Requested size: 276.559pt x 133.47273pt.
 [23

 <./dataset2.png>] [24

]
LaTeX Font Info:    Try loading font information for OML+lmss on input line 435
.
LaTeX Font Info:    No file OMLlmss.fd. on input line 435.


LaTeX Font Warning: Font shape `OML/lmss/m/it' undefined
(Font)              using `OML/cmm/m/it' instead
(Font)              for symbol `textless' on input line 435.

[25

]
LaTeX Font Info:    Try loading font information for OT1+lmtt on input line 454
.
 ("C:\Program Files\MiKTeX 2.9\tex\latex\lm\ot1lmtt.fd"
File: ot1lmtt.fd 2009/10/30 v1.6 Font defs for Latin Modern
)
(stata_workshop_for_govt_officials_1.log.tex)
Overfull \vbox (21.51236pt too high) detected at line 454
 []

[26

] (stata_workshop_for_govt_officials_2.log.tex)
LaTeX Font Info:    External font `lmex10' loaded for size
(Font)              <9> on input line 475.
LaTeX Font Info:    External font `lmex10' loaded for size
(Font)              <6> on input line 475.
LaTeX Font Info:    Font shape `OT1/lmss/m/it' in size <6> not available
(Font)              Font shape `OT1/lmss/m/sl' tried instead on input line 475.

 [27

] [28

] [29

] [30

] [31

]
(stata_workshop_for_govt_officials_3.log.tex)
(stata_workshop_for_govt_officials_4.log.tex
Overfull \hbox (116.46016pt too wide) in paragraph at lines 533--1
 []\OT1/lmtt/m/n/8 . keep hhid province district ur2012 s5cq2 s5cq4 s5cq8 s5cq1
5 s5cq23 s5bq2 s5cq22 s5cq13 s5cq17 
 []

) (stata_workshop_for_govt_officials_5.log.tex) [32

] [33

]
(stata_workshop_for_govt_officials_6.log.tex) [34

] [35

]
(stata_workshop_for_govt_officials_7.log.tex) [36

]
(stata_workshop_for_govt_officials_8.log.tex)
(stata_workshop_for_govt_officials_9.log.tex) [37

] [38

]
(stata_workshop_for_govt_officials_10.log.tex
Overfull \hbox (22.96016pt too wide) in paragraph at lines 3--3
 []\OT1/lmtt/m/n/8 . label variable d_closest_ws "Closest water source is used 
water source"[] 
 []

) [39

] (stata_workshop_for_govt_officials_11.log.tex) [40

] [41

] [42

]
<dofile.png, id=277, 1044.90375pt x 595.47469pt>
File: dofile.png Graphic file (type png)
 <use dofile.png>
Package pdftex.def Info: dofile.png used on input line 705.
(pdftex.def)             Requested size: 276.559pt x 157.60922pt.

<run.png, id=278, 255.95625pt x 57.96657pt>
File: run.png Graphic file (type png)
 <use run.png>
Package pdftex.def Info: run.png used on input line 705.
(pdftex.def)             Requested size: 276.559pt x 62.63655pt.

Overfull \vbox (216.16957pt too high) detected at line 705
 []

[43

 <./dofile.png> <./run.png>] (stata_workshop_for_govt_officials_12.log.tex)
Overfull \vbox (21.73459pt too high) detected at line 730
 []

[44

] (stata_workshop_for_govt_officials_13.log.tex)
(stata_workshop_for_govt_officials_14.log.tex)
Overfull \vbox (42.82877pt too high) detected at line 746
 []

[45

] [46

] [47

] [48

] <error.png, id=312, 485.56406pt x 88.83188pt>
File: error.png Graphic file (type png)

<use error.png>
Package pdftex.def Info: error.png used on input line 820.
(pdftex.def)             Requested size: 276.559pt x 50.59402pt.
 [49

 <./error.png>]
(stata_workshop_for_govt_officials_15.log.tex)
Overfull \hbox (7.91898pt too wide) in paragraph at lines 827--827
[][]  
 []

[50

]
LaTeX Font Info:    Font shape `OT1/lmss/bx/it' in size <10> not available
(Font)              Font shape `OT1/lmss/bx/sl' tried instead on input line 840
.

Overfull \hbox (15.8324pt too wide) in paragraph at lines 840--840
[][]  
 []

[51

] <helpfile_save_1.png, id=331, 982.42032pt x 210.7875pt>
File: helpfile_save_1.png Graphic file (type png)

<use helpfile_save_1.png>
Package pdftex.def Info: helpfile_save_1.png used on input line 854.
(pdftex.def)             Requested size: 153.64493pt x 32.9644pt.

<helpfile_save_2.png, id=332, 986.18437pt x 219.82124pt>
File: helpfile_save_2.png Graphic file (type png)

<use helpfile_save_2.png>
Package pdftex.def Info: helpfile_save_2.png used on input line 854.
(pdftex.def)             Requested size: 153.64493pt x 34.24635pt.

<helpfile_exportexcel_1.png, id=333, 860.46469pt x 207.77625pt>
File: helpfile_exportexcel_1.png Graphic file (type png)

<use helpfile_exportexcel_1.png>
Package pdftex.def Info: helpfile_exportexcel_1.png used on input line 854.
(pdftex.def)             Requested size: 153.64493pt x 37.10008pt.

<helpfile_exportexcel_2.png, id=334, 1001.24063pt x 513.41812pt>
File: helpfile_exportexcel_2.png Graphic file (type png)

<use helpfile_exportexcel_2.png>
Package pdftex.def Info: helpfile_exportexcel_2.png used on input line 854.
(pdftex.def)             Requested size: 153.64493pt x 78.77989pt.

Overfull \hbox (23.75137pt too wide) in paragraph at lines 854--854
[][]  
 []

[52

 <./helpfile_save_1.png> <./helpfile_save_2.png> <./helpfile_exportexcel_1.png>
 <./helpfile_exportexcel_2.png>]
(stata_workshop_for_govt_officials_16.log.tex)
<error_save_existing.png, id=344, 492.33937pt x 58.71938pt>
File: error_save_existing.png Graphic file (type png)

<use error_save_existing.png>
Package pdftex.def Info: error_save_existing.png used on input line 871.
(pdftex.def)             Requested size: 245.83282pt x 29.31927pt.

Overfull \hbox (31.67036pt too wide) in paragraph at lines 871--871
[][]  
 []

[53

 <./error_save_existing.png>] (stata_workshop_for_govt_officials_16.log.tex)
File: error_save_existing.png Graphic file (type png)
<use error_save_existing.png>
Package pdftex.def Info: error_save_existing.png used on input line 871.
(pdftex.def)             Requested size: 245.83282pt x 29.31927pt.

Overfull \hbox (31.67036pt too wide) in paragraph at lines 871--871
[][]  
 []

[54

] (stata_workshop_for_govt_officials_16.log.tex)
File: error_save_existing.png Graphic file (type png)

<use error_save_existing.png>
Package pdftex.def Info: error_save_existing.png used on input line 871.
(pdftex.def)             Requested size: 245.83282pt x 29.31927pt.

Overfull \hbox (31.67036pt too wide) in paragraph at lines 871--871
[][]  
 []

[55

] (stata_workshop_for_govt_officials_17.log.tex)
(stata_workshop_for_govt_officials_18.log.tex)
Overfull \hbox (39.58379pt too wide) in paragraph at lines 893--893
[][]  
 []

[56

] (stata_workshop_for_govt_officials_17.log.tex)
(stata_workshop_for_govt_officials_18.log.tex)
Overfull \hbox (39.58379pt too wide) in paragraph at lines 893--893
[][]  
 []

[57

] (stata_workshop_for_govt_officials_17.log.tex)
(stata_workshop_for_govt_officials_18.log.tex)
Overfull \hbox (39.58379pt too wide) in paragraph at lines 893--893
[][]  
 []

[58

] (stata_workshop_for_govt_officials_17.log.tex)
(stata_workshop_for_govt_officials_18.log.tex)
Overfull \hbox (39.58379pt too wide) in paragraph at lines 893--893
[][]  
 []

[59

] (stata_workshop_for_govt_officials_17.log.tex)
(stata_workshop_for_govt_officials_18.log.tex)
Overfull \hbox (39.58379pt too wide) in paragraph at lines 893--893
[][]  
 []

[60

]

Package hyperref Warning: Token not allowed in a PDF string (PDFDocEncoding):
(hyperref)                removing `\\' on input line 896.


Overfull \hbox (23.91144pt too wide) in paragraph at lines 896--896
[][][]  
 []

[61

] <reg_table_example.png, id=395, 371.76178pt x 345.4261pt>
File: reg_table_example.png Graphic file (type png)

<use reg_table_example.png>
Package pdftex.def Info: reg_table_example.png used on input line 906.
(pdftex.def)             Requested size: 215.10196pt x 199.86763pt.

Overfull \hbox (47.50276pt too wide) in paragraph at lines 906--906
[][]  
 []


Overfull \vbox (18.84773pt too high) detected at line 906
 []

[62

 <./reg_table_example.png>]
<figure_example_1.png, id=402, 425.36057pt x 295.27457pt>
File: figure_example_1.png Graphic file (type png)

<use figure_example_1.png>
Package pdftex.def Info: figure_example_1.png used on input line 921.
(pdftex.def)             Requested size: 170.71236pt x 142.26633pt.

Overfull \hbox (1.702pt too wide) in paragraph at lines 921--921
[][] 
 []

LaTeX Font Info:    Font shape `OT1/lmss/bx/it' in size <12> not available
(Font)              Font shape `OT1/lmss/bx/sl' tried instead on input line 921
.

Overfull \hbox (55.42175pt too wide) in paragraph at lines 921--921
[][]  
 []

[63

 <./figure_example_1.png>]
<figure_example_2.png, id=409, 420.1296pt x 381.5856pt>
File: figure_example_2.png Graphic file (type png)

<use figure_example_2.png>
Package pdftex.def Info: figure_example_2.png used on input line 936.
(pdftex.def)             Requested size: 170.71568pt x 142.26161pt.

Overfull \hbox (1.70532pt too wide) in paragraph at lines 936--936
[][] 
 []


Overfull \hbox (63.34073pt too wide) in paragraph at lines 936--936
[][]  
 []

[64

 <./figure_example_2.png>]
<figure_example_3.png, id=416, 854.7132pt x 359.4228pt>
File: figure_example_3.png Graphic file (type png)

<use figure_example_3.png>
Package pdftex.def Info: figure_example_3.png used on input line 953.
(pdftex.def)             Requested size: 307.28987pt x 129.22209pt.

Overfull \hbox (71.25415pt too wide) in paragraph at lines 953--953
[][]  
 []


Overfull \vbox (25.55733pt too high) detected at line 953
 []

[65

 <./figure_example_3.png>]
LaTeX Font Info:    Font shape `OT1/lmss/bx/it' in size <9> not available
(Font)              Font shape `OT1/lmss/bx/sl' tried instead on input line 970
.

<stata_builtin_graph_functions.png, id=423, 458.1918pt x 382.0674pt>
File: stata_builtin_graph_functions.png Graphic file (type png)

<use stata_builtin_graph_functions.png>
Package pdftex.def Info: stata_builtin_graph_functions.png used on input line 9
70.
(pdftex.def)             Requested size: 199.16501pt x 170.71611pt.

Overfull \hbox (14.78922pt too wide) in paragraph at lines 970--970
[][]  
 []


Overfull \hbox (79.17314pt too wide) in paragraph at lines 970--970
[][]  
 []

[66

 <./stata_builtin_graph_functions.png>]
Overfull \hbox (87.09212pt too wide) in paragraph at lines 977--977
[][]  
 []

[67

]

pdfTeX warning: pdflatex (file ./boxplot_1.pdf): PDF inclusion: found PDF versi
on <1.6>, but at most version <1.5> allowed
<boxplot_1.pdf, id=436, 397.485pt x 289.08pt>
File: boxplot_1.pdf Graphic file (type pdf)
 <use boxplot_1.pdf>
Package pdftex.def Info: boxplot_1.pdf used on input line 986.
(pdftex.def)             Requested size: 245.83282pt x 178.79105pt.

Overfull \hbox (95.00554pt too wide) in paragraph at lines 986--986
[][]  
 []


Overfull \vbox (4.57108pt too high) detected at line 986
 []

[68

 <./boxplot_1.pdf>] (stata_workshop_for_govt_officials_20.log.tex)

pdfTeX warning: pdflatex (file ./boxplot_2.pdf): PDF inclusion: found PDF versi
on <1.6>, but at most version <1.5> allowed
<boxplot_2.pdf, id=452, 397.485pt x 289.08pt>
File: boxplot_2.pdf Graphic file (type pdf)
 <use boxplot_2.pdf>
Package pdftex.def Info: boxplot_2.pdf used on input line 1005.
(pdftex.def)             Requested size: 153.64493pt x 111.74385pt.

Overfull \hbox (102.92453pt too wide) in paragraph at lines 1005--1005
[][]  
 []


Overfull \vbox (15.86012pt too high) detected at line 1005
 []

[69

 <./boxplot_2.pdf>] (stata_workshop_for_govt_officials_20.log.tex)
File: boxplot_2.pdf Graphic file (type pdf)

<use boxplot_2.pdf>
Package pdftex.def Info: boxplot_2.pdf used on input line 1005.
(pdftex.def)             Requested size: 153.64493pt x 111.74385pt.

Overfull \hbox (102.92453pt too wide) in paragraph at lines 1005--1005
[][]  
 []


Overfull \vbox (15.86012pt too high) detected at line 1005
 []

[70

] (stata_workshop_for_govt_officials_20.log.tex)
File: boxplot_2.pdf Graphic file (type pdf)
 <use boxplot_2.pdf>
Package pdftex.def Info: boxplot_2.pdf used on input line 1005.
(pdftex.def)             Requested size: 153.64493pt x 111.74385pt.

Overfull \hbox (102.92453pt too wide) in paragraph at lines 1005--1005
[][]  
 []


Overfull \vbox (15.86012pt too high) detected at line 1005
 []

[71

] (stata_workshop_for_govt_officials_22.log.tex)
File: boxplot_1.pdf Graphic file (type pdf)
 <use boxplot_1.pdf>
Package pdftex.def Info: boxplot_1.pdf used on input line 1020.
(pdftex.def)             Requested size: 153.64493pt x 111.74385pt.

Overfull \hbox (110.8435pt too wide) in paragraph at lines 1020--1020
[][]  
 []

[72

] (stata_workshop_for_govt_officials_22.log.tex)
File: boxplot_1.pdf Graphic file (type pdf)
 <use boxplot_1.pdf>
Package pdftex.def Info: boxplot_1.pdf used on input line 1020.
(pdftex.def)             Requested size: 153.64493pt x 111.74385pt.

Overfull \hbox (110.8435pt too wide) in paragraph at lines 1020--1020
[][]  
 []

[73

]
Overfull \hbox (118.75693pt too wide) in paragraph at lines 1027--1027
[][]  
 []

[74

]

pdfTeX warning: pdflatex (file ./hist_1.pdf): PDF inclusion: found PDF version 
<1.6>, but at most version <1.5> allowed
<hist_1.pdf, id=494, 397.485pt x 289.08pt>
File: hist_1.pdf Graphic file (type pdf)
 <use hist_1.pdf>
Package pdftex.def Info: hist_1.pdf used on input line 1037.
(pdftex.def)             Requested size: 245.83282pt x 178.79105pt.

Overfull \hbox (126.67592pt too wide) in paragraph at lines 1037--1037
[][]  
 []


Overfull \vbox (6.57108pt too high) detected at line 1037
 []

[75

 <./hist_1.pdf>] (stata_workshop_for_govt_officials_24.log.tex)

pdfTeX warning: pdflatex (file ./hist_2.pdf): PDF inclusion: found PDF version 
<1.6>, but at most version <1.5> allowed
<hist_2.pdf, id=510, 397.485pt x 289.08pt>
File: hist_2.pdf Graphic file (type pdf)
 <use hist_2.pdf>
Package pdftex.def Info: hist_2.pdf used on input line 1055.
(pdftex.def)             Requested size: 153.64493pt x 111.74385pt.

Overfull \hbox (134.5949pt too wide) in paragraph at lines 1055--1055
[][]  
 []


Overfull \vbox (2.0602pt too high) detected at line 1055
 []

[76

 <./hist_2.pdf>] (stata_workshop_for_govt_officials_24.log.tex)
File: hist_2.pdf Graphic file (type pdf)

<use hist_2.pdf>
Package pdftex.def Info: hist_2.pdf used on input line 1055.
(pdftex.def)             Requested size: 153.64493pt x 111.74385pt.

Overfull \hbox (134.5949pt too wide) in paragraph at lines 1055--1055
[][]  
 []


Overfull \vbox (2.0602pt too high) detected at line 1055
 []

[77

] (stata_workshop_for_govt_officials_24.log.tex)
File: hist_2.pdf Graphic file (type pdf)
 <use hist_2.pdf>
Package pdftex.def Info: hist_2.pdf used on input line 1055.
(pdftex.def)             Requested size: 153.64493pt x 111.74385pt.

Overfull \hbox (134.5949pt too wide) in paragraph at lines 1055--1055
[][]  
 []


Overfull \vbox (2.0602pt too high) detected at line 1055
 []

[78

] (stata_workshop_for_govt_officials_26.log.tex
Overfull \hbox (4.71019pt too wide) in paragraph at lines 2--2
 []\OT1/lmtt/m/n/8 title("Distribution of the Distance to Drinking Water (metre
s)")[] 
 []

)
Overfull \hbox (142.50832pt too wide) in paragraph at lines 1070--1070
[][]  
 []

[79

] (stata_workshop_for_govt_officials_26.log.tex
Overfull \hbox (4.71019pt too wide) in paragraph at lines 2--2
 []\OT1/lmtt/m/n/8 title("Distribution of the Distance to Drinking Water (metre
s)")[] 
 []

)
Overfull \hbox (142.50832pt too wide) in paragraph at lines 1070--1070
[][]  
 []

[80

] (stata_workshop_for_govt_officials_26.log.tex
Overfull \hbox (4.71019pt too wide) in paragraph at lines 2--2
 []\OT1/lmtt/m/n/8 title("Distribution of the Distance to Drinking Water (metre
s)")[] 
 []

)
Overfull \hbox (142.50832pt too wide) in paragraph at lines 1070--1070
[][]  
 []

[81

] (stata_workshop_for_govt_officials_26.log.tex
Overfull \hbox (4.71019pt too wide) in paragraph at lines 2--2
 []\OT1/lmtt/m/n/8 title("Distribution of the Distance to Drinking Water (metre
s)")[] 
 []

)
Overfull \hbox (142.50832pt too wide) in paragraph at lines 1070--1070
[][]  
 []

[82

]
Overfull \hbox (150.4273pt too wide) in paragraph at lines 1077--1077
[][]  
 []

[83

]

pdfTeX warning: pdflatex (file ./scatter_1.pdf): PDF inclusion: found PDF versi
on <1.6>, but at most version <1.5> allowed
<scatter_1.pdf, id=562, 397.485pt x 289.08pt>
File: scatter_1.pdf Graphic file (type pdf)
 <use scatter_1.pdf>
Package pdftex.def Info: scatter_1.pdf used on input line 1088.
(pdftex.def)             Requested size: 245.83282pt x 178.79105pt.

Overfull \hbox (158.34628pt too wide) in paragraph at lines 1088--1088
[][]  
 []


Overfull \vbox (23.21626pt too high) detected at line 1088
 []

[84

 <./scatter_1.pdf>] (stata_workshop_for_govt_officials_28.log.tex)

pdfTeX warning: pdflatex (file ./scatter_2.pdf): PDF inclusion: found PDF versi
on <1.6>, but at most version <1.5> allowed
<scatter_2.pdf, id=578, 397.485pt x 289.08pt>
File: scatter_2.pdf Graphic file (type pdf)
 <use scatter_2.pdf>
Package pdftex.def Info: scatter_2.pdf used on input line 1106.
(pdftex.def)             Requested size: 153.64493pt x 111.74385pt.

Overfull \hbox (166.26526pt too wide) in paragraph at lines 1106--1106
[][]  
 []

[85

 <./scatter_2.pdf>] (stata_workshop_for_govt_officials_28.log.tex)
File: scatter_2.pdf Graphic file (type pdf)

<use scatter_2.pdf>
Package pdftex.def Info: scatter_2.pdf used on input line 1106.
(pdftex.def)             Requested size: 153.64493pt x 111.74385pt.

Overfull \hbox (166.26526pt too wide) in paragraph at lines 1106--1106
[][]  
 []

[86

] (stata_workshop_for_govt_officials_28.log.tex)
File: scatter_2.pdf Graphic file (type pdf)
 <use scatter_2.pdf>
Package pdftex.def Info: scatter_2.pdf used on input line 1106.
(pdftex.def)             Requested size: 153.64493pt x 111.74385pt.

Overfull \hbox (166.26526pt too wide) in paragraph at lines 1106--1106
[][]  
 []

[87

] (stata_workshop_for_govt_officials_30.log.tex)

pdfTeX warning: pdflatex (file ./scatter_3.pdf): PDF inclusion: found PDF versi
on <1.6>, but at most version <1.5> allowed
<scatter_3.pdf, id=605, 397.485pt x 289.08pt>
File: scatter_3.pdf Graphic file (type pdf)
 <use scatter_3.pdf>
Package pdftex.def Info: scatter_3.pdf used on input line 1126.
(pdftex.def)             Requested size: 153.64493pt x 111.74385pt.

Overfull \hbox (174.1787pt too wide) in paragraph at lines 1126--1126
[][]  
 []


Overfull \vbox (8.66402pt too high) detected at line 1126
 []

[88

 <./scatter_3.pdf>] (stata_workshop_for_govt_officials_30.log.tex)
File: scatter_3.pdf Graphic file (type pdf)

<use scatter_3.pdf>
Package pdftex.def Info: scatter_3.pdf used on input line 1126.
(pdftex.def)             Requested size: 153.64493pt x 111.74385pt.

Overfull \hbox (174.1787pt too wide) in paragraph at lines 1126--1126
[][]  
 []


Overfull \vbox (8.66402pt too high) detected at line 1126
 []

[89

] (stata_workshop_for_govt_officials_30.log.tex)
File: scatter_3.pdf Graphic file (type pdf)
 <use scatter_3.pdf>
Package pdftex.def Info: scatter_3.pdf used on input line 1126.
(pdftex.def)             Requested size: 153.64493pt x 111.74385pt.

Overfull \hbox (174.1787pt too wide) in paragraph at lines 1126--1126
[][]  
 []


Overfull \vbox (8.66402pt too high) detected at line 1126
 []

[90

] (stata_workshop_for_govt_officials_32.log.tex
Overfull \hbox (17.46019pt too wide) in paragraph at lines 3--3
 []        \OT1/lmtt/m/n/8 ytitle("Distance to the nearest drinking water sourc
e") ///[] 
 []


Overfull \hbox (0.46019pt too wide) in paragraph at lines 4--4
 []        \OT1/lmtt/m/n/8 xtitle("Distance to the main drinking source used") 
///[] 
 []


Overfull \hbox (21.71019pt too wide) in paragraph at lines 5--5
 []        \OT1/lmtt/m/n/8 title("Is the main drinking water also the closest s
ource?")[] 
 []

)
Overfull \hbox (182.09767pt too wide) in paragraph at lines 1140--1140
[][]  
 []

[91

] (stata_workshop_for_govt_officials_32.log.tex
Overfull \hbox (17.46019pt too wide) in paragraph at lines 3--3
 []        \OT1/lmtt/m/n/8 ytitle("Distance to the nearest drinking water sourc
e") ///[] 
 []


Overfull \hbox (0.46019pt too wide) in paragraph at lines 4--4
 []        \OT1/lmtt/m/n/8 xtitle("Distance to the main drinking source used") 
///[] 
 []


Overfull \hbox (21.71019pt too wide) in paragraph at lines 5--5
 []        \OT1/lmtt/m/n/8 title("Is the main drinking water also the closest s
ource?")[] 
 []

)
Overfull \hbox (182.09767pt too wide) in paragraph at lines 1140--1140
[][]  
 []

[92

]
Overfull \hbox (190.01665pt too wide) in paragraph at lines 1147--1147
[][]  
 []

[93

]
Overfull \hbox (197.93008pt too wide) in paragraph at lines 1158--1158
[][]  
 []

[94

]
Overfull \hbox (205.84906pt too wide) in paragraph at lines 1169--1169
[][]  
 []

[95

]

pdfTeX warning: pdflatex (file ./combined.pdf): PDF inclusion: found PDF versio
n <1.6>, but at most version <1.5> allowed
<combined.pdf, id=657, 397.485pt x 289.08pt>
File: combined.pdf Graphic file (type pdf)
 <use combined.pdf>
Package pdftex.def Info: combined.pdf used on input line 1182.
(pdftex.def)             Requested size: 153.64493pt x 111.74385pt.

Overfull \hbox (213.76804pt too wide) in paragraph at lines 1182--1182
[][]  
 []

[96

 <./combined.pdf>]
File: combined.pdf Graphic file (type pdf)
 <use combined.pdf>
Package pdftex.def Info: combined.pdf used on input line 1182.
(pdftex.def)             Requested size: 153.64493pt x 111.74385pt.

Overfull \hbox (213.76804pt too wide) in paragraph at lines 1182--1182
[][]  
 []

[97

]
File: combined.pdf Graphic file (type pdf)
 <use combined.pdf>
Package pdftex.def Info: combined.pdf used on input line 1182.
(pdftex.def)             Requested size: 153.64493pt x 111.74385pt.

Overfull \hbox (213.76804pt too wide) in paragraph at lines 1182--1182
[][]  
 []

[98

]

pdfTeX warning: pdflatex (file ./combined_better.pdf): PDF inclusion: found PDF
 version <1.6>, but at most version <1.5> allowed
<combined_better.pdf, id=684, 397.485pt x 289.08pt>
File: combined_better.pdf Graphic file (type pdf)
 <use combined_better.pdf>
Package pdftex.def Info: combined_better.pdf used on input line 1194.
(pdftex.def)             Requested size: 153.64493pt x 111.74385pt.

Overfull \hbox (221.68147pt too wide) in paragraph at lines 1194--1194
[][]  
 []

[99

 <./combined_better.pdf>]
Overfull \hbox (133.91144pt too wide) in paragraph at lines 1197--1197
[][][]  
 []

[100

]
Overfull \hbox (229.60045pt too wide) in paragraph at lines 1204--1204
[][]  
 []

[101

]
Overfull \hbox (237.51942pt too wide) in paragraph at lines 1224--1224
[][]  
 []

[102

] (stata_workshop_for_govt_officials_36.log.tex
LaTeX Font Info:    Font shape `OT1/lmtt/bx/n' in size <8> not available
(Font)              Font shape `OT1/lmtt/b/n' tried instead on input line 3.
)
(stata_workshop_for_govt_officials_37.log.tex)
Overfull \hbox (245.43842pt too wide) in paragraph at lines 1247--1247
[][]  
 []

[103

] (stata_workshop_for_govt_officials_36.log.tex)
(stata_workshop_for_govt_officials_37.log.tex)
Overfull \hbox (245.43842pt too wide) in paragraph at lines 1247--1247
[][]  
 []

[104

] (stata_workshop_for_govt_officials_36.log.tex)
(stata_workshop_for_govt_officials_37.log.tex)
Overfull \hbox (245.43842pt too wide) in paragraph at lines 1247--1247
[][]  
 []

[105

] (stata_workshop_for_govt_officials_36.log.tex)
(stata_workshop_for_govt_officials_37.log.tex)
Overfull \hbox (245.43842pt too wide) in paragraph at lines 1247--1247
[][]  
 []

[106

] (stata_workshop_for_govt_officials_36.log.tex)
(stata_workshop_for_govt_officials_37.log.tex)
Overfull \hbox (245.43842pt too wide) in paragraph at lines 1247--1247
[][]  
 []

[107

]
Overfull \hbox (253.35184pt too wide) in paragraph at lines 1254--1254
[][]  
 []

[108

]
Overfull \hbox (261.27081pt too wide) in paragraph at lines 1276--1276
[][]  
 []

[109

]
Overfull \hbox (269.1898pt too wide) in paragraph at lines 1283--1283
[][]  
 []

[110

]
Overfull \hbox (277.10323pt too wide) in paragraph at lines 1300--1300
[][]  
 []

[111

] (stata_workshop_for_govt_officials_38.log.tex)
(stata_workshop_for_govt_officials_39.log.tex)
Overfull \hbox (285.0222pt too wide) in paragraph at lines 1312--1312
[][]  
 []

[112

] (stata_workshop_for_govt_officials_40.log.tex)
Overfull \hbox (292.9412pt too wide) in paragraph at lines 1322--1322
[][]  
 []

[113

]
\tf@nav=\write6
\openout6 = `stata_workshop_for_govt_officials.nav'.

\tf@toc=\write7
\openout7 = `stata_workshop_for_govt_officials.toc'.

\tf@snm=\write8
\openout8 = `stata_workshop_for_govt_officials.snm'.

Package atveryend Info: Empty hook `BeforeClearDocument' on input line 1324.
Package atveryend Info: Empty hook `AfterLastShipout' on input line 1324.
 (stata_workshop_for_govt_officials.aux)
Package atveryend Info: Executing hook `AtVeryEndDocument' on input line 1324.
Package atveryend Info: Executing hook `AtEndAfterFileList' on input line 1324.



Package rerunfilecheck Warning: File `stata_workshop_for_govt_officials.out' ha
s changed.
(rerunfilecheck)                Rerun to get outlines right
(rerunfilecheck)                or use package `bookmark'.

Package rerunfilecheck Info: Checksums for `stata_workshop_for_govt_officials.o
ut':
(rerunfilecheck)             Before: 84F4D85B28C692A6F12FE3251EE40A4A;135
(rerunfilecheck)             After:  A55D65FCA03793DE89AF1D4C647F3FBB;238.

LaTeX Font Warning: Some font shapes were not available, defaults substituted.

 ) 
Here is how much of TeX's memory you used:
 31535 strings out of 493328
 762526 string characters out of 3139121
 972436 words of memory out of 3000000
 33976 multiletter control sequences out of 15000+200000
 74636 words of font info for 65 fonts, out of 3000000 for 9000
 1141 hyphenation exceptions out of 8191
 71i,13n,98p,1960b,710s stack positions out of 5000i,500n,10000p,200000b,50000s
{C:/Program Files/MiKTeX 2.9/fonts/enc/dvips/lm/lm-rmtt.enc}{C:/Program Files
/MiKTeX 2.9/fonts/enc/dvips/lm/lm-rm.enc}{C:/Program Files/MiKTeX 2.9/fonts/enc
/dvips/lm/lm-mathsy.enc}<C:/Program Files/MiKTeX 2.9/fonts/type1/public/amsfont
s/cm/cmmi9.pfb><C:/Program Files/MiKTeX 2.9/fonts/type1/public/amsfonts/cm/cmsy
10.pfb><C:/Program Files/MiKTeX 2.9/fonts/type1/public/amsfonts/cm/cmsy9.pfb><C
:/Program Files/MiKTeX 2.9/fonts/type1/public/lm/lmss10.pfb><C:/Program Files/M
iKTeX 2.9/fonts/type1/public/lm/lmss12.pfb><C:/Program Files/MiKTeX 2.9/fonts/t
ype1/public/lm/lmss8.pfb><C:/Program Files/MiKTeX 2.9/fonts/type1/public/lm/lms
s9.pfb><C:/Program Files/MiKTeX 2.9/fonts/type1/public/lm/lmssbo10.pfb><C:/Prog
ram Files/MiKTeX 2.9/fonts/type1/public/lm/lmssbx10.pfb><C:/Program Files/MiKTe
X 2.9/fonts/type1/public/lm/lmsso10.pfb><C:/Program Files/MiKTeX 2.9/fonts/type
1/public/lm/lmsso9.pfb><C:/Program Files/MiKTeX 2.9/fonts/type1/public/lm/lmsy1
0.pfb><C:/Program Files/MiKTeX 2.9/fonts/type1/public/lm/lmsy9.pfb><C:/Program 
Files/MiKTeX 2.9/fonts/type1/public/lm/lmtk10.pfb><C:/Program Files/MiKTeX 2.9/
fonts/type1/public/lm/lmtt8.pfb>
Output written on stata_workshop_for_govt_officials.pdf (113 pages, 4147861 byt
es).
PDF statistics:
 880 PDF objects out of 1000 (max. 8388607)
 231 named destinations out of 1000 (max. 500000)
 232 words of extra memory for PDF output out of 10000 (max. 10000000)

